Start testing: Mar 26 08:27 PDT
----------------------------------------------------------
1/140 Testing: StringPool.InternByViewReturnsSamePointerForSameInput
1/140 Test: StringPool.InternByViewReturnsSamePointerForSameInput
Command: "/home/joel/CLionProjects/appstream/build/tests/appstream_tests" "--gtest_filter=StringPool.InternByViewReturnsSamePointerForSameInput" "--gtest_also_run_disabled_tests"
Directory: /home/joel/CLionProjects/appstream/build/tests
"StringPool.InternByViewReturnsSamePointerForSameInput" start time: Mar 26 08:27 PDT
Output:
----------------------------------------------------------
Running main() from /builddir/build/BUILD/gtest-1.15.2-build/googletest-1.15.2/googletest/src/gtest_main.cc
Note: Google Test filter = StringPool.InternByViewReturnsSamePointerForSameInput
[==========] Running 1 test from 1 test suite.
[----------] Global test environment set-up.
[----------] 1 test from StringPool
[ RUN      ] StringPool.InternByViewReturnsSamePointerForSameInput
[       OK ] StringPool.InternByViewReturnsSamePointerForSameInput (0 ms)
[----------] 1 test from StringPool (0 ms total)

[----------] Global test environment tear-down
[==========] 1 test from 1 test suite ran. (0 ms total)
[  PASSED  ] 1 test.
<end of output>
Test time =   0.00 sec
----------------------------------------------------------
Test Passed.
"StringPool.InternByViewReturnsSamePointerForSameInput" end time: Mar 26 08:27 PDT
"StringPool.InternByViewReturnsSamePointerForSameInput" time elapsed: 00:00:00
----------------------------------------------------------

2/140 Testing: StringPool.InternByStringReturnsSamePointerForSameInput
2/140 Test: StringPool.InternByStringReturnsSamePointerForSameInput
Command: "/home/joel/CLionProjects/appstream/build/tests/appstream_tests" "--gtest_filter=StringPool.InternByStringReturnsSamePointerForSameInput" "--gtest_also_run_disabled_tests"
Directory: /home/joel/CLionProjects/appstream/build/tests
"StringPool.InternByStringReturnsSamePointerForSameInput" start time: Mar 26 08:27 PDT
Output:
----------------------------------------------------------
Running main() from /builddir/build/BUILD/gtest-1.15.2-build/googletest-1.15.2/googletest/src/gtest_main.cc
Note: Google Test filter = StringPool.InternByStringReturnsSamePointerForSameInput
[==========] Running 1 test from 1 test suite.
[----------] Global test environment set-up.
[----------] 1 test from StringPool
[ RUN      ] StringPool.InternByStringReturnsSamePointerForSameInput
[       OK ] StringPool.InternByStringReturnsSamePointerForSameInput (0 ms)
[----------] 1 test from StringPool (0 ms total)

[----------] Global test environment tear-down
[==========] 1 test from 1 test suite ran. (0 ms total)
[  PASSED  ] 1 test.
<end of output>
Test time =   0.00 sec
----------------------------------------------------------
Test Passed.
"StringPool.InternByStringReturnsSamePointerForSameInput" end time: Mar 26 08:27 PDT
"StringPool.InternByStringReturnsSamePointerForSameInput" time elapsed: 00:00:00
----------------------------------------------------------

3/140 Testing: StringPool.InternByViewAndByStringReturnSamePointer
3/140 Test: StringPool.InternByViewAndByStringReturnSamePointer
Command: "/home/joel/CLionProjects/appstream/build/tests/appstream_tests" "--gtest_filter=StringPool.InternByViewAndByStringReturnSamePointer" "--gtest_also_run_disabled_tests"
Directory: /home/joel/CLionProjects/appstream/build/tests
"StringPool.InternByViewAndByStringReturnSamePointer" start time: Mar 26 08:27 PDT
Output:
----------------------------------------------------------
Running main() from /builddir/build/BUILD/gtest-1.15.2-build/googletest-1.15.2/googletest/src/gtest_main.cc
Note: Google Test filter = StringPool.InternByViewAndByStringReturnSamePointer
[==========] Running 1 test from 1 test suite.
[----------] Global test environment set-up.
[----------] 1 test from StringPool
[ RUN      ] StringPool.InternByViewAndByStringReturnSamePointer
[       OK ] StringPool.InternByViewAndByStringReturnSamePointer (0 ms)
[----------] 1 test from StringPool (0 ms total)

[----------] Global test environment tear-down
[==========] 1 test from 1 test suite ran. (0 ms total)
[  PASSED  ] 1 test.
<end of output>
Test time =   0.00 sec
----------------------------------------------------------
Test Passed.
"StringPool.InternByViewAndByStringReturnSamePointer" end time: Mar 26 08:27 PDT
"StringPool.InternByViewAndByStringReturnSamePointer" time elapsed: 00:00:00
----------------------------------------------------------

4/140 Testing: StringPool.DifferentStringsHaveDifferentPointers
4/140 Test: StringPool.DifferentStringsHaveDifferentPointers
Command: "/home/joel/CLionProjects/appstream/build/tests/appstream_tests" "--gtest_filter=StringPool.DifferentStringsHaveDifferentPointers" "--gtest_also_run_disabled_tests"
Directory: /home/joel/CLionProjects/appstream/build/tests
"StringPool.DifferentStringsHaveDifferentPointers" start time: Mar 26 08:27 PDT
Output:
----------------------------------------------------------
Running main() from /builddir/build/BUILD/gtest-1.15.2-build/googletest-1.15.2/googletest/src/gtest_main.cc
Note: Google Test filter = StringPool.DifferentStringsHaveDifferentPointers
[==========] Running 1 test from 1 test suite.
[----------] Global test environment set-up.
[----------] 1 test from StringPool
[ RUN      ] StringPool.DifferentStringsHaveDifferentPointers
[       OK ] StringPool.DifferentStringsHaveDifferentPointers (0 ms)
[----------] 1 test from StringPool (0 ms total)

[----------] Global test environment tear-down
[==========] 1 test from 1 test suite ran. (0 ms total)
[  PASSED  ] 1 test.
<end of output>
Test time =   0.00 sec
----------------------------------------------------------
Test Passed.
"StringPool.DifferentStringsHaveDifferentPointers" end time: Mar 26 08:27 PDT
"StringPool.DifferentStringsHaveDifferentPointers" time elapsed: 00:00:00
----------------------------------------------------------

5/140 Testing: StringPool.SizeStartsAtZero
5/140 Test: StringPool.SizeStartsAtZero
Command: "/home/joel/CLionProjects/appstream/build/tests/appstream_tests" "--gtest_filter=StringPool.SizeStartsAtZero" "--gtest_also_run_disabled_tests"
Directory: /home/joel/CLionProjects/appstream/build/tests
"StringPool.SizeStartsAtZero" start time: Mar 26 08:27 PDT
Output:
----------------------------------------------------------
Running main() from /builddir/build/BUILD/gtest-1.15.2-build/googletest-1.15.2/googletest/src/gtest_main.cc
Note: Google Test filter = StringPool.SizeStartsAtZero
[==========] Running 1 test from 1 test suite.
[----------] Global test environment set-up.
[----------] 1 test from StringPool
[ RUN      ] StringPool.SizeStartsAtZero
[       OK ] StringPool.SizeStartsAtZero (0 ms)
[----------] 1 test from StringPool (0 ms total)

[----------] Global test environment tear-down
[==========] 1 test from 1 test suite ran. (0 ms total)
[  PASSED  ] 1 test.
<end of output>
Test time =   0.00 sec
----------------------------------------------------------
Test Passed.
"StringPool.SizeStartsAtZero" end time: Mar 26 08:27 PDT
"StringPool.SizeStartsAtZero" time elapsed: 00:00:00
----------------------------------------------------------

6/140 Testing: StringPool.SizeIncrementsOnNewStrings
6/140 Test: StringPool.SizeIncrementsOnNewStrings
Command: "/home/joel/CLionProjects/appstream/build/tests/appstream_tests" "--gtest_filter=StringPool.SizeIncrementsOnNewStrings" "--gtest_also_run_disabled_tests"
Directory: /home/joel/CLionProjects/appstream/build/tests
"StringPool.SizeIncrementsOnNewStrings" start time: Mar 26 08:27 PDT
Output:
----------------------------------------------------------
Running main() from /builddir/build/BUILD/gtest-1.15.2-build/googletest-1.15.2/googletest/src/gtest_main.cc
Note: Google Test filter = StringPool.SizeIncrementsOnNewStrings
[==========] Running 1 test from 1 test suite.
[----------] Global test environment set-up.
[----------] 1 test from StringPool
[ RUN      ] StringPool.SizeIncrementsOnNewStrings
[       OK ] StringPool.SizeIncrementsOnNewStrings (0 ms)
[----------] 1 test from StringPool (0 ms total)

[----------] Global test environment tear-down
[==========] 1 test from 1 test suite ran. (0 ms total)
[  PASSED  ] 1 test.
<end of output>
Test time =   0.00 sec
----------------------------------------------------------
Test Passed.
"StringPool.SizeIncrementsOnNewStrings" end time: Mar 26 08:27 PDT
"StringPool.SizeIncrementsOnNewStrings" time elapsed: 00:00:00
----------------------------------------------------------

7/140 Testing: StringPool.SizeDoesNotChangeOnDuplicate
7/140 Test: StringPool.SizeDoesNotChangeOnDuplicate
Command: "/home/joel/CLionProjects/appstream/build/tests/appstream_tests" "--gtest_filter=StringPool.SizeDoesNotChangeOnDuplicate" "--gtest_also_run_disabled_tests"
Directory: /home/joel/CLionProjects/appstream/build/tests
"StringPool.SizeDoesNotChangeOnDuplicate" start time: Mar 26 08:27 PDT
Output:
----------------------------------------------------------
Running main() from /builddir/build/BUILD/gtest-1.15.2-build/googletest-1.15.2/googletest/src/gtest_main.cc
Note: Google Test filter = StringPool.SizeDoesNotChangeOnDuplicate
[==========] Running 1 test from 1 test suite.
[----------] Global test environment set-up.
[----------] 1 test from StringPool
[ RUN      ] StringPool.SizeDoesNotChangeOnDuplicate
[       OK ] StringPool.SizeDoesNotChangeOnDuplicate (0 ms)
[----------] 1 test from StringPool (0 ms total)

[----------] Global test environment tear-down
[==========] 1 test from 1 test suite ran. (0 ms total)
[  PASSED  ] 1 test.
<end of output>
Test time =   0.00 sec
----------------------------------------------------------
Test Passed.
"StringPool.SizeDoesNotChangeOnDuplicate" end time: Mar 26 08:27 PDT
"StringPool.SizeDoesNotChangeOnDuplicate" time elapsed: 00:00:00
----------------------------------------------------------

8/140 Testing: StringPool.SizeCountsBothViewAndStringInserts
8/140 Test: StringPool.SizeCountsBothViewAndStringInserts
Command: "/home/joel/CLionProjects/appstream/build/tests/appstream_tests" "--gtest_filter=StringPool.SizeCountsBothViewAndStringInserts" "--gtest_also_run_disabled_tests"
Directory: /home/joel/CLionProjects/appstream/build/tests
"StringPool.SizeCountsBothViewAndStringInserts" start time: Mar 26 08:27 PDT
Output:
----------------------------------------------------------
Running main() from /builddir/build/BUILD/gtest-1.15.2-build/googletest-1.15.2/googletest/src/gtest_main.cc
Note: Google Test filter = StringPool.SizeCountsBothViewAndStringInserts
[==========] Running 1 test from 1 test suite.
[----------] Global test environment set-up.
[----------] 1 test from StringPool
[ RUN      ] StringPool.SizeCountsBothViewAndStringInserts
[       OK ] StringPool.SizeCountsBothViewAndStringInserts (0 ms)
[----------] 1 test from StringPool (0 ms total)

[----------] Global test environment tear-down
[==========] 1 test from 1 test suite ran. (0 ms total)
[  PASSED  ] 1 test.
<end of output>
Test time =   0.00 sec
----------------------------------------------------------
Test Passed.
"StringPool.SizeCountsBothViewAndStringInserts" end time: Mar 26 08:27 PDT
"StringPool.SizeCountsBothViewAndStringInserts" time elapsed: 00:00:00
----------------------------------------------------------

9/140 Testing: StringPool.EmptyStringIsInterned
9/140 Test: StringPool.EmptyStringIsInterned
Command: "/home/joel/CLionProjects/appstream/build/tests/appstream_tests" "--gtest_filter=StringPool.EmptyStringIsInterned" "--gtest_also_run_disabled_tests"
Directory: /home/joel/CLionProjects/appstream/build/tests
"StringPool.EmptyStringIsInterned" start time: Mar 26 08:27 PDT
Output:
----------------------------------------------------------
Running main() from /builddir/build/BUILD/gtest-1.15.2-build/googletest-1.15.2/googletest/src/gtest_main.cc
Note: Google Test filter = StringPool.EmptyStringIsInterned
[==========] Running 1 test from 1 test suite.
[----------] Global test environment set-up.
[----------] 1 test from StringPool
[ RUN      ] StringPool.EmptyStringIsInterned
[       OK ] StringPool.EmptyStringIsInterned (0 ms)
[----------] 1 test from StringPool (0 ms total)

[----------] Global test environment tear-down
[==========] 1 test from 1 test suite ran. (0 ms total)
[  PASSED  ] 1 test.
<end of output>
Test time =   0.00 sec
----------------------------------------------------------
Test Passed.
"StringPool.EmptyStringIsInterned" end time: Mar 26 08:27 PDT
"StringPool.EmptyStringIsInterned" time elapsed: 00:00:00
----------------------------------------------------------

10/140 Testing: StringPool.ViewRemainsValidAfterOriginalModified
10/140 Test: StringPool.ViewRemainsValidAfterOriginalModified
Command: "/home/joel/CLionProjects/appstream/build/tests/appstream_tests" "--gtest_filter=StringPool.ViewRemainsValidAfterOriginalModified" "--gtest_also_run_disabled_tests"
Directory: /home/joel/CLionProjects/appstream/build/tests
"StringPool.ViewRemainsValidAfterOriginalModified" start time: Mar 26 08:27 PDT
Output:
----------------------------------------------------------
Running main() from /builddir/build/BUILD/gtest-1.15.2-build/googletest-1.15.2/googletest/src/gtest_main.cc
Note: Google Test filter = StringPool.ViewRemainsValidAfterOriginalModified
[==========] Running 1 test from 1 test suite.
[----------] Global test environment set-up.
[----------] 1 test from StringPool
[ RUN      ] StringPool.ViewRemainsValidAfterOriginalModified
[       OK ] StringPool.ViewRemainsValidAfterOriginalModified (0 ms)
[----------] 1 test from StringPool (0 ms total)

[----------] Global test environment tear-down
[==========] 1 test from 1 test suite ran. (0 ms total)
[  PASSED  ] 1 test.
<end of output>
Test time =   0.00 sec
----------------------------------------------------------
Test Passed.
"StringPool.ViewRemainsValidAfterOriginalModified" end time: Mar 26 08:27 PDT
"StringPool.ViewRemainsValidAfterOriginalModified" time elapsed: 00:00:00
----------------------------------------------------------

11/140 Testing: StringPool.LongStringInterned
11/140 Test: StringPool.LongStringInterned
Command: "/home/joel/CLionProjects/appstream/build/tests/appstream_tests" "--gtest_filter=StringPool.LongStringInterned" "--gtest_also_run_disabled_tests"
Directory: /home/joel/CLionProjects/appstream/build/tests
"StringPool.LongStringInterned" start time: Mar 26 08:27 PDT
Output:
----------------------------------------------------------
Running main() from /builddir/build/BUILD/gtest-1.15.2-build/googletest-1.15.2/googletest/src/gtest_main.cc
Note: Google Test filter = StringPool.LongStringInterned
[==========] Running 1 test from 1 test suite.
[----------] Global test environment set-up.
[----------] 1 test from StringPool
[ RUN      ] StringPool.LongStringInterned
[       OK ] StringPool.LongStringInterned (0 ms)
[----------] 1 test from StringPool (0 ms total)

[----------] Global test environment tear-down
[==========] 1 test from 1 test suite ran. (0 ms total)
[  PASSED  ] 1 test.
<end of output>
Test time =   0.00 sec
----------------------------------------------------------
Test Passed.
"StringPool.LongStringInterned" end time: Mar 26 08:27 PDT
"StringPool.LongStringInterned" time elapsed: 00:00:00
----------------------------------------------------------

12/140 Testing: StringPool.StressTestManyDistinctStrings
12/140 Test: StringPool.StressTestManyDistinctStrings
Command: "/home/joel/CLionProjects/appstream/build/tests/appstream_tests" "--gtest_filter=StringPool.StressTestManyDistinctStrings" "--gtest_also_run_disabled_tests"
Directory: /home/joel/CLionProjects/appstream/build/tests
"StringPool.StressTestManyDistinctStrings" start time: Mar 26 08:27 PDT
Output:
----------------------------------------------------------
Running main() from /builddir/build/BUILD/gtest-1.15.2-build/googletest-1.15.2/googletest/src/gtest_main.cc
Note: Google Test filter = StringPool.StressTestManyDistinctStrings
[==========] Running 1 test from 1 test suite.
[----------] Global test environment set-up.
[----------] 1 test from StringPool
[ RUN      ] StringPool.StressTestManyDistinctStrings
[       OK ] StringPool.StressTestManyDistinctStrings (0 ms)
[----------] 1 test from StringPool (0 ms total)

[----------] Global test environment tear-down
[==========] 1 test from 1 test suite ran. (0 ms total)
[  PASSED  ] 1 test.
<end of output>
Test time =   0.00 sec
----------------------------------------------------------
Test Passed.
"StringPool.StressTestManyDistinctStrings" end time: Mar 26 08:27 PDT
"StringPool.StressTestManyDistinctStrings" time elapsed: 00:00:00
----------------------------------------------------------

13/140 Testing: XmlScanner.EmptyBufferIsAtEnd
13/140 Test: XmlScanner.EmptyBufferIsAtEnd
Command: "/home/joel/CLionProjects/appstream/build/tests/appstream_tests" "--gtest_filter=XmlScanner.EmptyBufferIsAtEnd" "--gtest_also_run_disabled_tests"
Directory: /home/joel/CLionProjects/appstream/build/tests
"XmlScanner.EmptyBufferIsAtEnd" start time: Mar 26 08:27 PDT
Output:
----------------------------------------------------------
Running main() from /builddir/build/BUILD/gtest-1.15.2-build/googletest-1.15.2/googletest/src/gtest_main.cc
Note: Google Test filter = XmlScanner.EmptyBufferIsAtEnd
[==========] Running 1 test from 1 test suite.
[----------] Global test environment set-up.
[----------] 1 test from XmlScanner
[ RUN      ] XmlScanner.EmptyBufferIsAtEnd
[       OK ] XmlScanner.EmptyBufferIsAtEnd (0 ms)
[----------] 1 test from XmlScanner (0 ms total)

[----------] Global test environment tear-down
[==========] 1 test from 1 test suite ran. (0 ms total)
[  PASSED  ] 1 test.
<end of output>
Test time =   0.00 sec
----------------------------------------------------------
Test Passed.
"XmlScanner.EmptyBufferIsAtEnd" end time: Mar 26 08:27 PDT
"XmlScanner.EmptyBufferIsAtEnd" time elapsed: 00:00:00
----------------------------------------------------------

14/140 Testing: XmlScanner.WhitespaceOnlyYieldsEndOfDocument
14/140 Test: XmlScanner.WhitespaceOnlyYieldsEndOfDocument
Command: "/home/joel/CLionProjects/appstream/build/tests/appstream_tests" "--gtest_filter=XmlScanner.WhitespaceOnlyYieldsEndOfDocument" "--gtest_also_run_disabled_tests"
Directory: /home/joel/CLionProjects/appstream/build/tests
"XmlScanner.WhitespaceOnlyYieldsEndOfDocument" start time: Mar 26 08:27 PDT
Output:
----------------------------------------------------------
Running main() from /builddir/build/BUILD/gtest-1.15.2-build/googletest-1.15.2/googletest/src/gtest_main.cc
Note: Google Test filter = XmlScanner.WhitespaceOnlyYieldsEndOfDocument
[==========] Running 1 test from 1 test suite.
[----------] Global test environment set-up.
[----------] 1 test from XmlScanner
[ RUN      ] XmlScanner.WhitespaceOnlyYieldsEndOfDocument
[       OK ] XmlScanner.WhitespaceOnlyYieldsEndOfDocument (0 ms)
[----------] 1 test from XmlScanner (0 ms total)

[----------] Global test environment tear-down
[==========] 1 test from 1 test suite ran. (0 ms total)
[  PASSED  ] 1 test.
<end of output>
Test time =   0.00 sec
----------------------------------------------------------
Test Passed.
"XmlScanner.WhitespaceOnlyYieldsEndOfDocument" end time: Mar 26 08:27 PDT
"XmlScanner.WhitespaceOnlyYieldsEndOfDocument" time elapsed: 00:00:00
----------------------------------------------------------

15/140 Testing: XmlScanner.SimpleStartAndEndTag
15/140 Test: XmlScanner.SimpleStartAndEndTag
Command: "/home/joel/CLionProjects/appstream/build/tests/appstream_tests" "--gtest_filter=XmlScanner.SimpleStartAndEndTag" "--gtest_also_run_disabled_tests"
Directory: /home/joel/CLionProjects/appstream/build/tests
"XmlScanner.SimpleStartAndEndTag" start time: Mar 26 08:27 PDT
Output:
----------------------------------------------------------
Running main() from /builddir/build/BUILD/gtest-1.15.2-build/googletest-1.15.2/googletest/src/gtest_main.cc
Note: Google Test filter = XmlScanner.SimpleStartAndEndTag
[==========] Running 1 test from 1 test suite.
[----------] Global test environment set-up.
[----------] 1 test from XmlScanner
[ RUN      ] XmlScanner.SimpleStartAndEndTag
[       OK ] XmlScanner.SimpleStartAndEndTag (0 ms)
[----------] 1 test from XmlScanner (0 ms total)

[----------] Global test environment tear-down
[==========] 1 test from 1 test suite ran. (0 ms total)
[  PASSED  ] 1 test.
<end of output>
Test time =   0.00 sec
----------------------------------------------------------
Test Passed.
"XmlScanner.SimpleStartAndEndTag" end time: Mar 26 08:27 PDT
"XmlScanner.SimpleStartAndEndTag" time elapsed: 00:00:00
----------------------------------------------------------

16/140 Testing: XmlScanner.SelfClosingTagProducesStartThenEnd
16/140 Test: XmlScanner.SelfClosingTagProducesStartThenEnd
Command: "/home/joel/CLionProjects/appstream/build/tests/appstream_tests" "--gtest_filter=XmlScanner.SelfClosingTagProducesStartThenEnd" "--gtest_also_run_disabled_tests"
Directory: /home/joel/CLionProjects/appstream/build/tests
"XmlScanner.SelfClosingTagProducesStartThenEnd" start time: Mar 26 08:27 PDT
Output:
----------------------------------------------------------
Running main() from /builddir/build/BUILD/gtest-1.15.2-build/googletest-1.15.2/googletest/src/gtest_main.cc
Note: Google Test filter = XmlScanner.SelfClosingTagProducesStartThenEnd
[==========] Running 1 test from 1 test suite.
[----------] Global test environment set-up.
[----------] 1 test from XmlScanner
[ RUN      ] XmlScanner.SelfClosingTagProducesStartThenEnd
[       OK ] XmlScanner.SelfClosingTagProducesStartThenEnd (0 ms)
[----------] 1 test from XmlScanner (0 ms total)

[----------] Global test environment tear-down
[==========] 1 test from 1 test suite ran. (0 ms total)
[  PASSED  ] 1 test.
<end of output>
Test time =   0.00 sec
----------------------------------------------------------
Test Passed.
"XmlScanner.SelfClosingTagProducesStartThenEnd" end time: Mar 26 08:27 PDT
"XmlScanner.SelfClosingTagProducesStartThenEnd" time elapsed: 00:00:00
----------------------------------------------------------

17/140 Testing: XmlScanner.SelfClosingTagWithSpaceBeforeSlash
17/140 Test: XmlScanner.SelfClosingTagWithSpaceBeforeSlash
Command: "/home/joel/CLionProjects/appstream/build/tests/appstream_tests" "--gtest_filter=XmlScanner.SelfClosingTagWithSpaceBeforeSlash" "--gtest_also_run_disabled_tests"
Directory: /home/joel/CLionProjects/appstream/build/tests
"XmlScanner.SelfClosingTagWithSpaceBeforeSlash" start time: Mar 26 08:27 PDT
Output:
----------------------------------------------------------
Running main() from /builddir/build/BUILD/gtest-1.15.2-build/googletest-1.15.2/googletest/src/gtest_main.cc
Note: Google Test filter = XmlScanner.SelfClosingTagWithSpaceBeforeSlash
[==========] Running 1 test from 1 test suite.
[----------] Global test environment set-up.
[----------] 1 test from XmlScanner
[ RUN      ] XmlScanner.SelfClosingTagWithSpaceBeforeSlash
[       OK ] XmlScanner.SelfClosingTagWithSpaceBeforeSlash (0 ms)
[----------] 1 test from XmlScanner (0 ms total)

[----------] Global test environment tear-down
[==========] 1 test from 1 test suite ran. (0 ms total)
[  PASSED  ] 1 test.
<end of output>
Test time =   0.00 sec
----------------------------------------------------------
Test Passed.
"XmlScanner.SelfClosingTagWithSpaceBeforeSlash" end time: Mar 26 08:27 PDT
"XmlScanner.SelfClosingTagWithSpaceBeforeSlash" time elapsed: 00:00:00
----------------------------------------------------------

18/140 Testing: XmlScanner.NestedElements
18/140 Test: XmlScanner.NestedElements
Command: "/home/joel/CLionProjects/appstream/build/tests/appstream_tests" "--gtest_filter=XmlScanner.NestedElements" "--gtest_also_run_disabled_tests"
Directory: /home/joel/CLionProjects/appstream/build/tests
"XmlScanner.NestedElements" start time: Mar 26 08:27 PDT
Output:
----------------------------------------------------------
Running main() from /builddir/build/BUILD/gtest-1.15.2-build/googletest-1.15.2/googletest/src/gtest_main.cc
Note: Google Test filter = XmlScanner.NestedElements
[==========] Running 1 test from 1 test suite.
[----------] Global test environment set-up.
[----------] 1 test from XmlScanner
[ RUN      ] XmlScanner.NestedElements
[       OK ] XmlScanner.NestedElements (0 ms)
[----------] 1 test from XmlScanner (0 ms total)

[----------] Global test environment tear-down
[==========] 1 test from 1 test suite ran. (0 ms total)
[  PASSED  ] 1 test.
<end of output>
Test time =   0.00 sec
----------------------------------------------------------
Test Passed.
"XmlScanner.NestedElements" end time: Mar 26 08:27 PDT
"XmlScanner.NestedElements" time elapsed: 00:00:00
----------------------------------------------------------

19/140 Testing: XmlScanner.SingleDoubleQuotedAttribute
19/140 Test: XmlScanner.SingleDoubleQuotedAttribute
Command: "/home/joel/CLionProjects/appstream/build/tests/appstream_tests" "--gtest_filter=XmlScanner.SingleDoubleQuotedAttribute" "--gtest_also_run_disabled_tests"
Directory: /home/joel/CLionProjects/appstream/build/tests
"XmlScanner.SingleDoubleQuotedAttribute" start time: Mar 26 08:27 PDT
Output:
----------------------------------------------------------
Running main() from /builddir/build/BUILD/gtest-1.15.2-build/googletest-1.15.2/googletest/src/gtest_main.cc
Note: Google Test filter = XmlScanner.SingleDoubleQuotedAttribute
[==========] Running 1 test from 1 test suite.
[----------] Global test environment set-up.
[----------] 1 test from XmlScanner
[ RUN      ] XmlScanner.SingleDoubleQuotedAttribute
[       OK ] XmlScanner.SingleDoubleQuotedAttribute (0 ms)
[----------] 1 test from XmlScanner (0 ms total)

[----------] Global test environment tear-down
[==========] 1 test from 1 test suite ran. (0 ms total)
[  PASSED  ] 1 test.
<end of output>
Test time =   0.00 sec
----------------------------------------------------------
Test Passed.
"XmlScanner.SingleDoubleQuotedAttribute" end time: Mar 26 08:27 PDT
"XmlScanner.SingleDoubleQuotedAttribute" time elapsed: 00:00:00
----------------------------------------------------------

20/140 Testing: XmlScanner.SingleSingleQuotedAttribute
20/140 Test: XmlScanner.SingleSingleQuotedAttribute
Command: "/home/joel/CLionProjects/appstream/build/tests/appstream_tests" "--gtest_filter=XmlScanner.SingleSingleQuotedAttribute" "--gtest_also_run_disabled_tests"
Directory: /home/joel/CLionProjects/appstream/build/tests
"XmlScanner.SingleSingleQuotedAttribute" start time: Mar 26 08:27 PDT
Output:
----------------------------------------------------------
Running main() from /builddir/build/BUILD/gtest-1.15.2-build/googletest-1.15.2/googletest/src/gtest_main.cc
Note: Google Test filter = XmlScanner.SingleSingleQuotedAttribute
[==========] Running 1 test from 1 test suite.
[----------] Global test environment set-up.
[----------] 1 test from XmlScanner
[ RUN      ] XmlScanner.SingleSingleQuotedAttribute
[       OK ] XmlScanner.SingleSingleQuotedAttribute (0 ms)
[----------] 1 test from XmlScanner (0 ms total)

[----------] Global test environment tear-down
[==========] 1 test from 1 test suite ran. (0 ms total)
[  PASSED  ] 1 test.
<end of output>
Test time =   0.00 sec
----------------------------------------------------------
Test Passed.
"XmlScanner.SingleSingleQuotedAttribute" end time: Mar 26 08:27 PDT
"XmlScanner.SingleSingleQuotedAttribute" time elapsed: 00:00:00
----------------------------------------------------------

21/140 Testing: XmlScanner.MultipleAttributes
21/140 Test: XmlScanner.MultipleAttributes
Command: "/home/joel/CLionProjects/appstream/build/tests/appstream_tests" "--gtest_filter=XmlScanner.MultipleAttributes" "--gtest_also_run_disabled_tests"
Directory: /home/joel/CLionProjects/appstream/build/tests
"XmlScanner.MultipleAttributes" start time: Mar 26 08:27 PDT
Output:
----------------------------------------------------------
Running main() from /builddir/build/BUILD/gtest-1.15.2-build/googletest-1.15.2/googletest/src/gtest_main.cc
Note: Google Test filter = XmlScanner.MultipleAttributes
[==========] Running 1 test from 1 test suite.
[----------] Global test environment set-up.
[----------] 1 test from XmlScanner
[ RUN      ] XmlScanner.MultipleAttributes
[       OK ] XmlScanner.MultipleAttributes (0 ms)
[----------] 1 test from XmlScanner (0 ms total)

[----------] Global test environment tear-down
[==========] 1 test from 1 test suite ran. (0 ms total)
[  PASSED  ] 1 test.
<end of output>
Test time =   0.00 sec
----------------------------------------------------------
Test Passed.
"XmlScanner.MultipleAttributes" end time: Mar 26 08:27 PDT
"XmlScanner.MultipleAttributes" time elapsed: 00:00:00
----------------------------------------------------------

22/140 Testing: XmlScanner.AttributeOnStartTag
22/140 Test: XmlScanner.AttributeOnStartTag
Command: "/home/joel/CLionProjects/appstream/build/tests/appstream_tests" "--gtest_filter=XmlScanner.AttributeOnStartTag" "--gtest_also_run_disabled_tests"
Directory: /home/joel/CLionProjects/appstream/build/tests
"XmlScanner.AttributeOnStartTag" start time: Mar 26 08:27 PDT
Output:
----------------------------------------------------------
Running main() from /builddir/build/BUILD/gtest-1.15.2-build/googletest-1.15.2/googletest/src/gtest_main.cc
Note: Google Test filter = XmlScanner.AttributeOnStartTag
[==========] Running 1 test from 1 test suite.
[----------] Global test environment set-up.
[----------] 1 test from XmlScanner
[ RUN      ] XmlScanner.AttributeOnStartTag
[       OK ] XmlScanner.AttributeOnStartTag (0 ms)
[----------] 1 test from XmlScanner (0 ms total)

[----------] Global test environment tear-down
[==========] 1 test from 1 test suite ran. (0 ms total)
[  PASSED  ] 1 test.
<end of output>
Test time =   0.00 sec
----------------------------------------------------------
Test Passed.
"XmlScanner.AttributeOnStartTag" end time: Mar 26 08:27 PDT
"XmlScanner.AttributeOnStartTag" time elapsed: 00:00:00
----------------------------------------------------------

23/140 Testing: XmlScanner.PlainTextContent
23/140 Test: XmlScanner.PlainTextContent
Command: "/home/joel/CLionProjects/appstream/build/tests/appstream_tests" "--gtest_filter=XmlScanner.PlainTextContent" "--gtest_also_run_disabled_tests"
Directory: /home/joel/CLionProjects/appstream/build/tests
"XmlScanner.PlainTextContent" start time: Mar 26 08:27 PDT
Output:
----------------------------------------------------------
Running main() from /builddir/build/BUILD/gtest-1.15.2-build/googletest-1.15.2/googletest/src/gtest_main.cc
Note: Google Test filter = XmlScanner.PlainTextContent
[==========] Running 1 test from 1 test suite.
[----------] Global test environment set-up.
[----------] 1 test from XmlScanner
[ RUN      ] XmlScanner.PlainTextContent
[       OK ] XmlScanner.PlainTextContent (0 ms)
[----------] 1 test from XmlScanner (0 ms total)

[----------] Global test environment tear-down
[==========] 1 test from 1 test suite ran. (0 ms total)
[  PASSED  ] 1 test.
<end of output>
Test time =   0.00 sec
----------------------------------------------------------
Test Passed.
"XmlScanner.PlainTextContent" end time: Mar 26 08:27 PDT
"XmlScanner.PlainTextContent" time elapsed: 00:00:00
----------------------------------------------------------

24/140 Testing: XmlScanner.TextEventTextMethod_NoEntities
24/140 Test: XmlScanner.TextEventTextMethod_NoEntities
Command: "/home/joel/CLionProjects/appstream/build/tests/appstream_tests" "--gtest_filter=XmlScanner.TextEventTextMethod_NoEntities" "--gtest_also_run_disabled_tests"
Directory: /home/joel/CLionProjects/appstream/build/tests
"XmlScanner.TextEventTextMethod_NoEntities" start time: Mar 26 08:27 PDT
Output:
----------------------------------------------------------
Running main() from /builddir/build/BUILD/gtest-1.15.2-build/googletest-1.15.2/googletest/src/gtest_main.cc
Note: Google Test filter = XmlScanner.TextEventTextMethod_NoEntities
[==========] Running 1 test from 1 test suite.
[----------] Global test environment set-up.
[----------] 1 test from XmlScanner
[ RUN      ] XmlScanner.TextEventTextMethod_NoEntities
[       OK ] XmlScanner.TextEventTextMethod_NoEntities (0 ms)
[----------] 1 test from XmlScanner (0 ms total)

[----------] Global test environment tear-down
[==========] 1 test from 1 test suite ran. (0 ms total)
[  PASSED  ] 1 test.
<end of output>
Test time =   0.00 sec
----------------------------------------------------------
Test Passed.
"XmlScanner.TextEventTextMethod_NoEntities" end time: Mar 26 08:27 PDT
"XmlScanner.TextEventTextMethod_NoEntities" time elapsed: 00:00:00
----------------------------------------------------------

25/140 Testing: XmlScanner.TextEventTextMethod_WithEntities
25/140 Test: XmlScanner.TextEventTextMethod_WithEntities
Command: "/home/joel/CLionProjects/appstream/build/tests/appstream_tests" "--gtest_filter=XmlScanner.TextEventTextMethod_WithEntities" "--gtest_also_run_disabled_tests"
Directory: /home/joel/CLionProjects/appstream/build/tests
"XmlScanner.TextEventTextMethod_WithEntities" start time: Mar 26 08:27 PDT
Output:
----------------------------------------------------------
Running main() from /builddir/build/BUILD/gtest-1.15.2-build/googletest-1.15.2/googletest/src/gtest_main.cc
Note: Google Test filter = XmlScanner.TextEventTextMethod_WithEntities
[==========] Running 1 test from 1 test suite.
[----------] Global test environment set-up.
[----------] 1 test from XmlScanner
[ RUN      ] XmlScanner.TextEventTextMethod_WithEntities
[       OK ] XmlScanner.TextEventTextMethod_WithEntities (0 ms)
[----------] 1 test from XmlScanner (0 ms total)

[----------] Global test environment tear-down
[==========] 1 test from 1 test suite ran. (0 ms total)
[  PASSED  ] 1 test.
<end of output>
Test time =   0.00 sec
----------------------------------------------------------
Test Passed.
"XmlScanner.TextEventTextMethod_WithEntities" end time: Mar 26 08:27 PDT
"XmlScanner.TextEventTextMethod_WithEntities" time elapsed: 00:00:00
----------------------------------------------------------

26/140 Testing: XmlScanner.EntityAmp
26/140 Test: XmlScanner.EntityAmp
Command: "/home/joel/CLionProjects/appstream/build/tests/appstream_tests" "--gtest_filter=XmlScanner.EntityAmp" "--gtest_also_run_disabled_tests"
Directory: /home/joel/CLionProjects/appstream/build/tests
"XmlScanner.EntityAmp" start time: Mar 26 08:27 PDT
Output:
----------------------------------------------------------
Running main() from /builddir/build/BUILD/gtest-1.15.2-build/googletest-1.15.2/googletest/src/gtest_main.cc
Note: Google Test filter = XmlScanner.EntityAmp
[==========] Running 1 test from 1 test suite.
[----------] Global test environment set-up.
[----------] 1 test from XmlScanner
[ RUN      ] XmlScanner.EntityAmp
[       OK ] XmlScanner.EntityAmp (0 ms)
[----------] 1 test from XmlScanner (0 ms total)

[----------] Global test environment tear-down
[==========] 1 test from 1 test suite ran. (0 ms total)
[  PASSED  ] 1 test.
<end of output>
Test time =   0.00 sec
----------------------------------------------------------
Test Passed.
"XmlScanner.EntityAmp" end time: Mar 26 08:27 PDT
"XmlScanner.EntityAmp" time elapsed: 00:00:00
----------------------------------------------------------

27/140 Testing: XmlScanner.EntityLt
27/140 Test: XmlScanner.EntityLt
Command: "/home/joel/CLionProjects/appstream/build/tests/appstream_tests" "--gtest_filter=XmlScanner.EntityLt" "--gtest_also_run_disabled_tests"
Directory: /home/joel/CLionProjects/appstream/build/tests
"XmlScanner.EntityLt" start time: Mar 26 08:27 PDT
Output:
----------------------------------------------------------
Running main() from /builddir/build/BUILD/gtest-1.15.2-build/googletest-1.15.2/googletest/src/gtest_main.cc
Note: Google Test filter = XmlScanner.EntityLt
[==========] Running 1 test from 1 test suite.
[----------] Global test environment set-up.
[----------] 1 test from XmlScanner
[ RUN      ] XmlScanner.EntityLt
[       OK ] XmlScanner.EntityLt (0 ms)
[----------] 1 test from XmlScanner (0 ms total)

[----------] Global test environment tear-down
[==========] 1 test from 1 test suite ran. (0 ms total)
[  PASSED  ] 1 test.
<end of output>
Test time =   0.00 sec
----------------------------------------------------------
Test Passed.
"XmlScanner.EntityLt" end time: Mar 26 08:27 PDT
"XmlScanner.EntityLt" time elapsed: 00:00:00
----------------------------------------------------------

28/140 Testing: XmlScanner.EntityGt
28/140 Test: XmlScanner.EntityGt
Command: "/home/joel/CLionProjects/appstream/build/tests/appstream_tests" "--gtest_filter=XmlScanner.EntityGt" "--gtest_also_run_disabled_tests"
Directory: /home/joel/CLionProjects/appstream/build/tests
"XmlScanner.EntityGt" start time: Mar 26 08:27 PDT
Output:
----------------------------------------------------------
Running main() from /builddir/build/BUILD/gtest-1.15.2-build/googletest-1.15.2/googletest/src/gtest_main.cc
Note: Google Test filter = XmlScanner.EntityGt
[==========] Running 1 test from 1 test suite.
[----------] Global test environment set-up.
[----------] 1 test from XmlScanner
[ RUN      ] XmlScanner.EntityGt
[       OK ] XmlScanner.EntityGt (0 ms)
[----------] 1 test from XmlScanner (0 ms total)

[----------] Global test environment tear-down
[==========] 1 test from 1 test suite ran. (0 ms total)
[  PASSED  ] 1 test.
<end of output>
Test time =   0.00 sec
----------------------------------------------------------
Test Passed.
"XmlScanner.EntityGt" end time: Mar 26 08:27 PDT
"XmlScanner.EntityGt" time elapsed: 00:00:00
----------------------------------------------------------

29/140 Testing: XmlScanner.EntityQuot
29/140 Test: XmlScanner.EntityQuot
Command: "/home/joel/CLionProjects/appstream/build/tests/appstream_tests" "--gtest_filter=XmlScanner.EntityQuot" "--gtest_also_run_disabled_tests"
Directory: /home/joel/CLionProjects/appstream/build/tests
"XmlScanner.EntityQuot" start time: Mar 26 08:27 PDT
Output:
----------------------------------------------------------
Running main() from /builddir/build/BUILD/gtest-1.15.2-build/googletest-1.15.2/googletest/src/gtest_main.cc
Note: Google Test filter = XmlScanner.EntityQuot
[==========] Running 1 test from 1 test suite.
[----------] Global test environment set-up.
[----------] 1 test from XmlScanner
[ RUN      ] XmlScanner.EntityQuot
[       OK ] XmlScanner.EntityQuot (0 ms)
[----------] 1 test from XmlScanner (0 ms total)

[----------] Global test environment tear-down
[==========] 1 test from 1 test suite ran. (0 ms total)
[  PASSED  ] 1 test.
<end of output>
Test time =   0.00 sec
----------------------------------------------------------
Test Passed.
"XmlScanner.EntityQuot" end time: Mar 26 08:27 PDT
"XmlScanner.EntityQuot" time elapsed: 00:00:00
----------------------------------------------------------

30/140 Testing: XmlScanner.EntityApos
30/140 Test: XmlScanner.EntityApos
Command: "/home/joel/CLionProjects/appstream/build/tests/appstream_tests" "--gtest_filter=XmlScanner.EntityApos" "--gtest_also_run_disabled_tests"
Directory: /home/joel/CLionProjects/appstream/build/tests
"XmlScanner.EntityApos" start time: Mar 26 08:27 PDT
Output:
----------------------------------------------------------
Running main() from /builddir/build/BUILD/gtest-1.15.2-build/googletest-1.15.2/googletest/src/gtest_main.cc
Note: Google Test filter = XmlScanner.EntityApos
[==========] Running 1 test from 1 test suite.
[----------] Global test environment set-up.
[----------] 1 test from XmlScanner
[ RUN      ] XmlScanner.EntityApos
[       OK ] XmlScanner.EntityApos (0 ms)
[----------] 1 test from XmlScanner (0 ms total)

[----------] Global test environment tear-down
[==========] 1 test from 1 test suite ran. (0 ms total)
[  PASSED  ] 1 test.
<end of output>
Test time =   0.00 sec
----------------------------------------------------------
Test Passed.
"XmlScanner.EntityApos" end time: Mar 26 08:27 PDT
"XmlScanner.EntityApos" time elapsed: 00:00:00
----------------------------------------------------------

31/140 Testing: XmlScanner.NumericDecimalEntity
31/140 Test: XmlScanner.NumericDecimalEntity
Command: "/home/joel/CLionProjects/appstream/build/tests/appstream_tests" "--gtest_filter=XmlScanner.NumericDecimalEntity" "--gtest_also_run_disabled_tests"
Directory: /home/joel/CLionProjects/appstream/build/tests
"XmlScanner.NumericDecimalEntity" start time: Mar 26 08:27 PDT
Output:
----------------------------------------------------------
Running main() from /builddir/build/BUILD/gtest-1.15.2-build/googletest-1.15.2/googletest/src/gtest_main.cc
Note: Google Test filter = XmlScanner.NumericDecimalEntity
[==========] Running 1 test from 1 test suite.
[----------] Global test environment set-up.
[----------] 1 test from XmlScanner
[ RUN      ] XmlScanner.NumericDecimalEntity
[       OK ] XmlScanner.NumericDecimalEntity (0 ms)
[----------] 1 test from XmlScanner (0 ms total)

[----------] Global test environment tear-down
[==========] 1 test from 1 test suite ran. (0 ms total)
[  PASSED  ] 1 test.
<end of output>
Test time =   0.00 sec
----------------------------------------------------------
Test Passed.
"XmlScanner.NumericDecimalEntity" end time: Mar 26 08:27 PDT
"XmlScanner.NumericDecimalEntity" time elapsed: 00:00:00
----------------------------------------------------------

32/140 Testing: XmlScanner.NumericHexEntityLower
32/140 Test: XmlScanner.NumericHexEntityLower
Command: "/home/joel/CLionProjects/appstream/build/tests/appstream_tests" "--gtest_filter=XmlScanner.NumericHexEntityLower" "--gtest_also_run_disabled_tests"
Directory: /home/joel/CLionProjects/appstream/build/tests
"XmlScanner.NumericHexEntityLower" start time: Mar 26 08:27 PDT
Output:
----------------------------------------------------------
Running main() from /builddir/build/BUILD/gtest-1.15.2-build/googletest-1.15.2/googletest/src/gtest_main.cc
Note: Google Test filter = XmlScanner.NumericHexEntityLower
[==========] Running 1 test from 1 test suite.
[----------] Global test environment set-up.
[----------] 1 test from XmlScanner
[ RUN      ] XmlScanner.NumericHexEntityLower
[       OK ] XmlScanner.NumericHexEntityLower (0 ms)
[----------] 1 test from XmlScanner (0 ms total)

[----------] Global test environment tear-down
[==========] 1 test from 1 test suite ran. (0 ms total)
[  PASSED  ] 1 test.
<end of output>
Test time =   0.00 sec
----------------------------------------------------------
Test Passed.
"XmlScanner.NumericHexEntityLower" end time: Mar 26 08:27 PDT
"XmlScanner.NumericHexEntityLower" time elapsed: 00:00:00
----------------------------------------------------------

33/140 Testing: XmlScanner.NumericHexEntityUpper
33/140 Test: XmlScanner.NumericHexEntityUpper
Command: "/home/joel/CLionProjects/appstream/build/tests/appstream_tests" "--gtest_filter=XmlScanner.NumericHexEntityUpper" "--gtest_also_run_disabled_tests"
Directory: /home/joel/CLionProjects/appstream/build/tests
"XmlScanner.NumericHexEntityUpper" start time: Mar 26 08:27 PDT
Output:
----------------------------------------------------------
Running main() from /builddir/build/BUILD/gtest-1.15.2-build/googletest-1.15.2/googletest/src/gtest_main.cc
Note: Google Test filter = XmlScanner.NumericHexEntityUpper
[==========] Running 1 test from 1 test suite.
[----------] Global test environment set-up.
[----------] 1 test from XmlScanner
[ RUN      ] XmlScanner.NumericHexEntityUpper
[       OK ] XmlScanner.NumericHexEntityUpper (0 ms)
[----------] 1 test from XmlScanner (0 ms total)

[----------] Global test environment tear-down
[==========] 1 test from 1 test suite ran. (0 ms total)
[  PASSED  ] 1 test.
<end of output>
Test time =   0.00 sec
----------------------------------------------------------
Test Passed.
"XmlScanner.NumericHexEntityUpper" end time: Mar 26 08:27 PDT
"XmlScanner.NumericHexEntityUpper" time elapsed: 00:00:00
----------------------------------------------------------

34/140 Testing: XmlScanner.MultipleEntitiesInOneText
34/140 Test: XmlScanner.MultipleEntitiesInOneText
Command: "/home/joel/CLionProjects/appstream/build/tests/appstream_tests" "--gtest_filter=XmlScanner.MultipleEntitiesInOneText" "--gtest_also_run_disabled_tests"
Directory: /home/joel/CLionProjects/appstream/build/tests
"XmlScanner.MultipleEntitiesInOneText" start time: Mar 26 08:27 PDT
Output:
----------------------------------------------------------
Running main() from /builddir/build/BUILD/gtest-1.15.2-build/googletest-1.15.2/googletest/src/gtest_main.cc
Note: Google Test filter = XmlScanner.MultipleEntitiesInOneText
[==========] Running 1 test from 1 test suite.
[----------] Global test environment set-up.
[----------] 1 test from XmlScanner
[ RUN      ] XmlScanner.MultipleEntitiesInOneText
[       OK ] XmlScanner.MultipleEntitiesInOneText (0 ms)
[----------] 1 test from XmlScanner (0 ms total)

[----------] Global test environment tear-down
[==========] 1 test from 1 test suite ran. (0 ms total)
[  PASSED  ] 1 test.
<end of output>
Test time =   0.00 sec
----------------------------------------------------------
Test Passed.
"XmlScanner.MultipleEntitiesInOneText" end time: Mar 26 08:27 PDT
"XmlScanner.MultipleEntitiesInOneText" time elapsed: 00:00:00
----------------------------------------------------------

35/140 Testing: XmlScanner.TextMixedPlainAndEntities
35/140 Test: XmlScanner.TextMixedPlainAndEntities
Command: "/home/joel/CLionProjects/appstream/build/tests/appstream_tests" "--gtest_filter=XmlScanner.TextMixedPlainAndEntities" "--gtest_also_run_disabled_tests"
Directory: /home/joel/CLionProjects/appstream/build/tests
"XmlScanner.TextMixedPlainAndEntities" start time: Mar 26 08:27 PDT
Output:
----------------------------------------------------------
Running main() from /builddir/build/BUILD/gtest-1.15.2-build/googletest-1.15.2/googletest/src/gtest_main.cc
Note: Google Test filter = XmlScanner.TextMixedPlainAndEntities
[==========] Running 1 test from 1 test suite.
[----------] Global test environment set-up.
[----------] 1 test from XmlScanner
[ RUN      ] XmlScanner.TextMixedPlainAndEntities
[       OK ] XmlScanner.TextMixedPlainAndEntities (0 ms)
[----------] 1 test from XmlScanner (0 ms total)

[----------] Global test environment tear-down
[==========] 1 test from 1 test suite ran. (0 ms total)
[  PASSED  ] 1 test.
<end of output>
Test time =   0.00 sec
----------------------------------------------------------
Test Passed.
"XmlScanner.TextMixedPlainAndEntities" end time: Mar 26 08:27 PDT
"XmlScanner.TextMixedPlainAndEntities" time elapsed: 00:00:00
----------------------------------------------------------

36/140 Testing: XmlScanner.CommentSkippedBetweenElements
36/140 Test: XmlScanner.CommentSkippedBetweenElements
Command: "/home/joel/CLionProjects/appstream/build/tests/appstream_tests" "--gtest_filter=XmlScanner.CommentSkippedBetweenElements" "--gtest_also_run_disabled_tests"
Directory: /home/joel/CLionProjects/appstream/build/tests
"XmlScanner.CommentSkippedBetweenElements" start time: Mar 26 08:27 PDT
Output:
----------------------------------------------------------
Running main() from /builddir/build/BUILD/gtest-1.15.2-build/googletest-1.15.2/googletest/src/gtest_main.cc
Note: Google Test filter = XmlScanner.CommentSkippedBetweenElements
[==========] Running 1 test from 1 test suite.
[----------] Global test environment set-up.
[----------] 1 test from XmlScanner
[ RUN      ] XmlScanner.CommentSkippedBetweenElements
[       OK ] XmlScanner.CommentSkippedBetweenElements (0 ms)
[----------] 1 test from XmlScanner (0 ms total)

[----------] Global test environment tear-down
[==========] 1 test from 1 test suite ran. (0 ms total)
[  PASSED  ] 1 test.
<end of output>
Test time =   0.00 sec
----------------------------------------------------------
Test Passed.
"XmlScanner.CommentSkippedBetweenElements" end time: Mar 26 08:27 PDT
"XmlScanner.CommentSkippedBetweenElements" time elapsed: 00:00:00
----------------------------------------------------------

37/140 Testing: XmlScanner.CommentSkippedAtDocStart
37/140 Test: XmlScanner.CommentSkippedAtDocStart
Command: "/home/joel/CLionProjects/appstream/build/tests/appstream_tests" "--gtest_filter=XmlScanner.CommentSkippedAtDocStart" "--gtest_also_run_disabled_tests"
Directory: /home/joel/CLionProjects/appstream/build/tests
"XmlScanner.CommentSkippedAtDocStart" start time: Mar 26 08:27 PDT
Output:
----------------------------------------------------------
Running main() from /builddir/build/BUILD/gtest-1.15.2-build/googletest-1.15.2/googletest/src/gtest_main.cc
Note: Google Test filter = XmlScanner.CommentSkippedAtDocStart
[==========] Running 1 test from 1 test suite.
[----------] Global test environment set-up.
[----------] 1 test from XmlScanner
[ RUN      ] XmlScanner.CommentSkippedAtDocStart
[       OK ] XmlScanner.CommentSkippedAtDocStart (0 ms)
[----------] 1 test from XmlScanner (0 ms total)

[----------] Global test environment tear-down
[==========] 1 test from 1 test suite ran. (0 ms total)
[  PASSED  ] 1 test.
<end of output>
Test time =   0.00 sec
----------------------------------------------------------
Test Passed.
"XmlScanner.CommentSkippedAtDocStart" end time: Mar 26 08:27 PDT
"XmlScanner.CommentSkippedAtDocStart" time elapsed: 00:00:00
----------------------------------------------------------

38/140 Testing: XmlScanner.CdataSectionPreservesRawContent
38/140 Test: XmlScanner.CdataSectionPreservesRawContent
Command: "/home/joel/CLionProjects/appstream/build/tests/appstream_tests" "--gtest_filter=XmlScanner.CdataSectionPreservesRawContent" "--gtest_also_run_disabled_tests"
Directory: /home/joel/CLionProjects/appstream/build/tests
"XmlScanner.CdataSectionPreservesRawContent" start time: Mar 26 08:27 PDT
Output:
----------------------------------------------------------
Running main() from /builddir/build/BUILD/gtest-1.15.2-build/googletest-1.15.2/googletest/src/gtest_main.cc
Note: Google Test filter = XmlScanner.CdataSectionPreservesRawContent
[==========] Running 1 test from 1 test suite.
[----------] Global test environment set-up.
[----------] 1 test from XmlScanner
[ RUN      ] XmlScanner.CdataSectionPreservesRawContent
[       OK ] XmlScanner.CdataSectionPreservesRawContent (0 ms)
[----------] 1 test from XmlScanner (0 ms total)

[----------] Global test environment tear-down
[==========] 1 test from 1 test suite ran. (0 ms total)
[  PASSED  ] 1 test.
<end of output>
Test time =   0.00 sec
----------------------------------------------------------
Test Passed.
"XmlScanner.CdataSectionPreservesRawContent" end time: Mar 26 08:27 PDT
"XmlScanner.CdataSectionPreservesRawContent" time elapsed: 00:00:00
----------------------------------------------------------

39/140 Testing: XmlScanner.CdataWithBracketContent
39/140 Test: XmlScanner.CdataWithBracketContent
Command: "/home/joel/CLionProjects/appstream/build/tests/appstream_tests" "--gtest_filter=XmlScanner.CdataWithBracketContent" "--gtest_also_run_disabled_tests"
Directory: /home/joel/CLionProjects/appstream/build/tests
"XmlScanner.CdataWithBracketContent" start time: Mar 26 08:27 PDT
Output:
----------------------------------------------------------
Running main() from /builddir/build/BUILD/gtest-1.15.2-build/googletest-1.15.2/googletest/src/gtest_main.cc
Note: Google Test filter = XmlScanner.CdataWithBracketContent
[==========] Running 1 test from 1 test suite.
[----------] Global test environment set-up.
[----------] 1 test from XmlScanner
[ RUN      ] XmlScanner.CdataWithBracketContent
[       OK ] XmlScanner.CdataWithBracketContent (0 ms)
[----------] 1 test from XmlScanner (0 ms total)

[----------] Global test environment tear-down
[==========] 1 test from 1 test suite ran. (0 ms total)
[  PASSED  ] 1 test.
<end of output>
Test time =   0.00 sec
----------------------------------------------------------
Test Passed.
"XmlScanner.CdataWithBracketContent" end time: Mar 26 08:27 PDT
"XmlScanner.CdataWithBracketContent" time elapsed: 00:00:00
----------------------------------------------------------

40/140 Testing: XmlScanner.XmlDeclarationSkipped
40/140 Test: XmlScanner.XmlDeclarationSkipped
Command: "/home/joel/CLionProjects/appstream/build/tests/appstream_tests" "--gtest_filter=XmlScanner.XmlDeclarationSkipped" "--gtest_also_run_disabled_tests"
Directory: /home/joel/CLionProjects/appstream/build/tests
"XmlScanner.XmlDeclarationSkipped" start time: Mar 26 08:27 PDT
Output:
----------------------------------------------------------
Running main() from /builddir/build/BUILD/gtest-1.15.2-build/googletest-1.15.2/googletest/src/gtest_main.cc
Note: Google Test filter = XmlScanner.XmlDeclarationSkipped
[==========] Running 1 test from 1 test suite.
[----------] Global test environment set-up.
[----------] 1 test from XmlScanner
[ RUN      ] XmlScanner.XmlDeclarationSkipped
[       OK ] XmlScanner.XmlDeclarationSkipped (0 ms)
[----------] 1 test from XmlScanner (0 ms total)

[----------] Global test environment tear-down
[==========] 1 test from 1 test suite ran. (0 ms total)
[  PASSED  ] 1 test.
<end of output>
Test time =   0.00 sec
----------------------------------------------------------
Test Passed.
"XmlScanner.XmlDeclarationSkipped" end time: Mar 26 08:27 PDT
"XmlScanner.XmlDeclarationSkipped" time elapsed: 00:00:00
----------------------------------------------------------

41/140 Testing: XmlScanner.BomSkipped
41/140 Test: XmlScanner.BomSkipped
Command: "/home/joel/CLionProjects/appstream/build/tests/appstream_tests" "--gtest_filter=XmlScanner.BomSkipped" "--gtest_also_run_disabled_tests"
Directory: /home/joel/CLionProjects/appstream/build/tests
"XmlScanner.BomSkipped" start time: Mar 26 08:27 PDT
Output:
----------------------------------------------------------
Running main() from /builddir/build/BUILD/gtest-1.15.2-build/googletest-1.15.2/googletest/src/gtest_main.cc
Note: Google Test filter = XmlScanner.BomSkipped
[==========] Running 1 test from 1 test suite.
[----------] Global test environment set-up.
[----------] 1 test from XmlScanner
[ RUN      ] XmlScanner.BomSkipped
[       OK ] XmlScanner.BomSkipped (0 ms)
[----------] 1 test from XmlScanner (0 ms total)

[----------] Global test environment tear-down
[==========] 1 test from 1 test suite ran. (0 ms total)
[  PASSED  ] 1 test.
<end of output>
Test time =   0.00 sec
----------------------------------------------------------
Test Passed.
"XmlScanner.BomSkipped" end time: Mar 26 08:27 PDT
"XmlScanner.BomSkipped" time elapsed: 00:00:00
----------------------------------------------------------

42/140 Testing: XmlScanner.MalformedTagUnquotedAttributeReturnsMalformedTag
42/140 Test: XmlScanner.MalformedTagUnquotedAttributeReturnsMalformedTag
Command: "/home/joel/CLionProjects/appstream/build/tests/appstream_tests" "--gtest_filter=XmlScanner.MalformedTagUnquotedAttributeReturnsMalformedTag" "--gtest_also_run_disabled_tests"
Directory: /home/joel/CLionProjects/appstream/build/tests
"XmlScanner.MalformedTagUnquotedAttributeReturnsMalformedTag" start time: Mar 26 08:27 PDT
Output:
----------------------------------------------------------
Running main() from /builddir/build/BUILD/gtest-1.15.2-build/googletest-1.15.2/googletest/src/gtest_main.cc
Note: Google Test filter = XmlScanner.MalformedTagUnquotedAttributeReturnsMalformedTag
[==========] Running 1 test from 1 test suite.
[----------] Global test environment set-up.
[----------] 1 test from XmlScanner
[ RUN      ] XmlScanner.MalformedTagUnquotedAttributeReturnsMalformedTag
[       OK ] XmlScanner.MalformedTagUnquotedAttributeReturnsMalformedTag (0 ms)
[----------] 1 test from XmlScanner (0 ms total)

[----------] Global test environment tear-down
[==========] 1 test from 1 test suite ran. (0 ms total)
[  PASSED  ] 1 test.
<end of output>
Test time =   0.00 sec
----------------------------------------------------------
Test Passed.
"XmlScanner.MalformedTagUnquotedAttributeReturnsMalformedTag" end time: Mar 26 08:27 PDT
"XmlScanner.MalformedTagUnquotedAttributeReturnsMalformedTag" time elapsed: 00:00:00
----------------------------------------------------------

43/140 Testing: XmlScanner.UnexpectedEofInCdataReturnsUnexpectedEof
43/140 Test: XmlScanner.UnexpectedEofInCdataReturnsUnexpectedEof
Command: "/home/joel/CLionProjects/appstream/build/tests/appstream_tests" "--gtest_filter=XmlScanner.UnexpectedEofInCdataReturnsUnexpectedEof" "--gtest_also_run_disabled_tests"
Directory: /home/joel/CLionProjects/appstream/build/tests
"XmlScanner.UnexpectedEofInCdataReturnsUnexpectedEof" start time: Mar 26 08:27 PDT
Output:
----------------------------------------------------------
Running main() from /builddir/build/BUILD/gtest-1.15.2-build/googletest-1.15.2/googletest/src/gtest_main.cc
Note: Google Test filter = XmlScanner.UnexpectedEofInCdataReturnsUnexpectedEof
[==========] Running 1 test from 1 test suite.
[----------] Global test environment set-up.
[----------] 1 test from XmlScanner
[ RUN      ] XmlScanner.UnexpectedEofInCdataReturnsUnexpectedEof
[       OK ] XmlScanner.UnexpectedEofInCdataReturnsUnexpectedEof (0 ms)
[----------] 1 test from XmlScanner (0 ms total)

[----------] Global test environment tear-down
[==========] 1 test from 1 test suite ran. (0 ms total)
[  PASSED  ] 1 test.
<end of output>
Test time =   0.00 sec
----------------------------------------------------------
Test Passed.
"XmlScanner.UnexpectedEofInCdataReturnsUnexpectedEof" end time: Mar 26 08:27 PDT
"XmlScanner.UnexpectedEofInCdataReturnsUnexpectedEof" time elapsed: 00:00:00
----------------------------------------------------------

44/140 Testing: XmlScanner.UnexpectedEofMidTag
44/140 Test: XmlScanner.UnexpectedEofMidTag
Command: "/home/joel/CLionProjects/appstream/build/tests/appstream_tests" "--gtest_filter=XmlScanner.UnexpectedEofMidTag" "--gtest_also_run_disabled_tests"
Directory: /home/joel/CLionProjects/appstream/build/tests
"XmlScanner.UnexpectedEofMidTag" start time: Mar 26 08:27 PDT
Output:
----------------------------------------------------------
Running main() from /builddir/build/BUILD/gtest-1.15.2-build/googletest-1.15.2/googletest/src/gtest_main.cc
Note: Google Test filter = XmlScanner.UnexpectedEofMidTag
[==========] Running 1 test from 1 test suite.
[----------] Global test environment set-up.
[----------] 1 test from XmlScanner
[ RUN      ] XmlScanner.UnexpectedEofMidTag
[       OK ] XmlScanner.UnexpectedEofMidTag (0 ms)
[----------] 1 test from XmlScanner (0 ms total)

[----------] Global test environment tear-down
[==========] 1 test from 1 test suite ran. (0 ms total)
[  PASSED  ] 1 test.
<end of output>
Test time =   0.00 sec
----------------------------------------------------------
Test Passed.
"XmlScanner.UnexpectedEofMidTag" end time: Mar 26 08:27 PDT
"XmlScanner.UnexpectedEofMidTag" time elapsed: 00:00:00
----------------------------------------------------------

45/140 Testing: XmlScanner.AtEndAfterDocument
45/140 Test: XmlScanner.AtEndAfterDocument
Command: "/home/joel/CLionProjects/appstream/build/tests/appstream_tests" "--gtest_filter=XmlScanner.AtEndAfterDocument" "--gtest_also_run_disabled_tests"
Directory: /home/joel/CLionProjects/appstream/build/tests
"XmlScanner.AtEndAfterDocument" start time: Mar 26 08:27 PDT
Output:
----------------------------------------------------------
Running main() from /builddir/build/BUILD/gtest-1.15.2-build/googletest-1.15.2/googletest/src/gtest_main.cc
Note: Google Test filter = XmlScanner.AtEndAfterDocument
[==========] Running 1 test from 1 test suite.
[----------] Global test environment set-up.
[----------] 1 test from XmlScanner
[ RUN      ] XmlScanner.AtEndAfterDocument
[       OK ] XmlScanner.AtEndAfterDocument (0 ms)
[----------] 1 test from XmlScanner (0 ms total)

[----------] Global test environment tear-down
[==========] 1 test from 1 test suite ran. (0 ms total)
[  PASSED  ] 1 test.
<end of output>
Test time =   0.00 sec
----------------------------------------------------------
Test Passed.
"XmlScanner.AtEndAfterDocument" end time: Mar 26 08:27 PDT
"XmlScanner.AtEndAfterDocument" time elapsed: 00:00:00
----------------------------------------------------------

46/140 Testing: ComponentType.DesktopApplication
46/140 Test: ComponentType.DesktopApplication
Command: "/home/joel/CLionProjects/appstream/build/tests/appstream_tests" "--gtest_filter=ComponentType.DesktopApplication" "--gtest_also_run_disabled_tests"
Directory: /home/joel/CLionProjects/appstream/build/tests
"ComponentType.DesktopApplication" start time: Mar 26 08:27 PDT
Output:
----------------------------------------------------------
Running main() from /builddir/build/BUILD/gtest-1.15.2-build/googletest-1.15.2/googletest/src/gtest_main.cc
Note: Google Test filter = ComponentType.DesktopApplication
[==========] Running 1 test from 1 test suite.
[----------] Global test environment set-up.
[----------] 1 test from ComponentType
[ RUN      ] ComponentType.DesktopApplication
[       OK ] ComponentType.DesktopApplication (0 ms)
[----------] 1 test from ComponentType (0 ms total)

[----------] Global test environment tear-down
[==========] 1 test from 1 test suite ran. (0 ms total)
[  PASSED  ] 1 test.
<end of output>
Test time =   0.00 sec
----------------------------------------------------------
Test Passed.
"ComponentType.DesktopApplication" end time: Mar 26 08:27 PDT
"ComponentType.DesktopApplication" time elapsed: 00:00:00
----------------------------------------------------------

47/140 Testing: ComponentType.LegacyDesktopAlias
47/140 Test: ComponentType.LegacyDesktopAlias
Command: "/home/joel/CLionProjects/appstream/build/tests/appstream_tests" "--gtest_filter=ComponentType.LegacyDesktopAlias" "--gtest_also_run_disabled_tests"
Directory: /home/joel/CLionProjects/appstream/build/tests
"ComponentType.LegacyDesktopAlias" start time: Mar 26 08:27 PDT
Output:
----------------------------------------------------------
Running main() from /builddir/build/BUILD/gtest-1.15.2-build/googletest-1.15.2/googletest/src/gtest_main.cc
Note: Google Test filter = ComponentType.LegacyDesktopAlias
[==========] Running 1 test from 1 test suite.
[----------] Global test environment set-up.
[----------] 1 test from ComponentType
[ RUN      ] ComponentType.LegacyDesktopAlias
[       OK ] ComponentType.LegacyDesktopAlias (0 ms)
[----------] 1 test from ComponentType (0 ms total)

[----------] Global test environment tear-down
[==========] 1 test from 1 test suite ran. (0 ms total)
[  PASSED  ] 1 test.
<end of output>
Test time =   0.00 sec
----------------------------------------------------------
Test Passed.
"ComponentType.LegacyDesktopAlias" end time: Mar 26 08:27 PDT
"ComponentType.LegacyDesktopAlias" time elapsed: 00:00:00
----------------------------------------------------------

48/140 Testing: ComponentType.AllKnownTypes
48/140 Test: ComponentType.AllKnownTypes
Command: "/home/joel/CLionProjects/appstream/build/tests/appstream_tests" "--gtest_filter=ComponentType.AllKnownTypes" "--gtest_also_run_disabled_tests"
Directory: /home/joel/CLionProjects/appstream/build/tests
"ComponentType.AllKnownTypes" start time: Mar 26 08:27 PDT
Output:
----------------------------------------------------------
Running main() from /builddir/build/BUILD/gtest-1.15.2-build/googletest-1.15.2/googletest/src/gtest_main.cc
Note: Google Test filter = ComponentType.AllKnownTypes
[==========] Running 1 test from 1 test suite.
[----------] Global test environment set-up.
[----------] 1 test from ComponentType
[ RUN      ] ComponentType.AllKnownTypes
[       OK ] ComponentType.AllKnownTypes (0 ms)
[----------] 1 test from ComponentType (0 ms total)

[----------] Global test environment tear-down
[==========] 1 test from 1 test suite ran. (0 ms total)
[  PASSED  ] 1 test.
<end of output>
Test time =   0.00 sec
----------------------------------------------------------
Test Passed.
"ComponentType.AllKnownTypes" end time: Mar 26 08:27 PDT
"ComponentType.AllKnownTypes" time elapsed: 00:00:00
----------------------------------------------------------

49/140 Testing: ComponentType.UnknownStringReturnsUnknown
49/140 Test: ComponentType.UnknownStringReturnsUnknown
Command: "/home/joel/CLionProjects/appstream/build/tests/appstream_tests" "--gtest_filter=ComponentType.UnknownStringReturnsUnknown" "--gtest_also_run_disabled_tests"
Directory: /home/joel/CLionProjects/appstream/build/tests
"ComponentType.UnknownStringReturnsUnknown" start time: Mar 26 08:27 PDT
Output:
----------------------------------------------------------
Running main() from /builddir/build/BUILD/gtest-1.15.2-build/googletest-1.15.2/googletest/src/gtest_main.cc
Note: Google Test filter = ComponentType.UnknownStringReturnsUnknown
[==========] Running 1 test from 1 test suite.
[----------] Global test environment set-up.
[----------] 1 test from ComponentType
[ RUN      ] ComponentType.UnknownStringReturnsUnknown
[       OK ] ComponentType.UnknownStringReturnsUnknown (0 ms)
[----------] 1 test from ComponentType (0 ms total)

[----------] Global test environment tear-down
[==========] 1 test from 1 test suite ran. (0 ms total)
[  PASSED  ] 1 test.
<end of output>
Test time =   0.00 sec
----------------------------------------------------------
Test Passed.
"ComponentType.UnknownStringReturnsUnknown" end time: Mar 26 08:27 PDT
"ComponentType.UnknownStringReturnsUnknown" time elapsed: 00:00:00
----------------------------------------------------------

50/140 Testing: ComponentType.RoundTrip
50/140 Test: ComponentType.RoundTrip
Command: "/home/joel/CLionProjects/appstream/build/tests/appstream_tests" "--gtest_filter=ComponentType.RoundTrip" "--gtest_also_run_disabled_tests"
Directory: /home/joel/CLionProjects/appstream/build/tests
"ComponentType.RoundTrip" start time: Mar 26 08:27 PDT
Output:
----------------------------------------------------------
Running main() from /builddir/build/BUILD/gtest-1.15.2-build/googletest-1.15.2/googletest/src/gtest_main.cc
Note: Google Test filter = ComponentType.RoundTrip
[==========] Running 1 test from 1 test suite.
[----------] Global test environment set-up.
[----------] 1 test from ComponentType
[ RUN      ] ComponentType.RoundTrip
[       OK ] ComponentType.RoundTrip (0 ms)
[----------] 1 test from ComponentType (0 ms total)

[----------] Global test environment tear-down
[==========] 1 test from 1 test suite ran. (0 ms total)
[  PASSED  ] 1 test.
<end of output>
Test time =   0.00 sec
----------------------------------------------------------
Test Passed.
"ComponentType.RoundTrip" end time: Mar 26 08:27 PDT
"ComponentType.RoundTrip" time elapsed: 00:00:00
----------------------------------------------------------

51/140 Testing: BundleType.AllKnownTypes
51/140 Test: BundleType.AllKnownTypes
Command: "/home/joel/CLionProjects/appstream/build/tests/appstream_tests" "--gtest_filter=BundleType.AllKnownTypes" "--gtest_also_run_disabled_tests"
Directory: /home/joel/CLionProjects/appstream/build/tests
"BundleType.AllKnownTypes" start time: Mar 26 08:27 PDT
Output:
----------------------------------------------------------
Running main() from /builddir/build/BUILD/gtest-1.15.2-build/googletest-1.15.2/googletest/src/gtest_main.cc
Note: Google Test filter = BundleType.AllKnownTypes
[==========] Running 1 test from 1 test suite.
[----------] Global test environment set-up.
[----------] 1 test from BundleType
[ RUN      ] BundleType.AllKnownTypes
[       OK ] BundleType.AllKnownTypes (0 ms)
[----------] 1 test from BundleType (0 ms total)

[----------] Global test environment tear-down
[==========] 1 test from 1 test suite ran. (0 ms total)
[  PASSED  ] 1 test.
<end of output>
Test time =   0.00 sec
----------------------------------------------------------
Test Passed.
"BundleType.AllKnownTypes" end time: Mar 26 08:27 PDT
"BundleType.AllKnownTypes" time elapsed: 00:00:00
----------------------------------------------------------

52/140 Testing: BundleType.UnknownReturnsUnknown
52/140 Test: BundleType.UnknownReturnsUnknown
Command: "/home/joel/CLionProjects/appstream/build/tests/appstream_tests" "--gtest_filter=BundleType.UnknownReturnsUnknown" "--gtest_also_run_disabled_tests"
Directory: /home/joel/CLionProjects/appstream/build/tests
"BundleType.UnknownReturnsUnknown" start time: Mar 26 08:27 PDT
Output:
----------------------------------------------------------
Running main() from /builddir/build/BUILD/gtest-1.15.2-build/googletest-1.15.2/googletest/src/gtest_main.cc
Note: Google Test filter = BundleType.UnknownReturnsUnknown
[==========] Running 1 test from 1 test suite.
[----------] Global test environment set-up.
[----------] 1 test from BundleType
[ RUN      ] BundleType.UnknownReturnsUnknown
[       OK ] BundleType.UnknownReturnsUnknown (0 ms)
[----------] 1 test from BundleType (0 ms total)

[----------] Global test environment tear-down
[==========] 1 test from 1 test suite ran. (0 ms total)
[  PASSED  ] 1 test.
<end of output>
Test time =   0.00 sec
----------------------------------------------------------
Test Passed.
"BundleType.UnknownReturnsUnknown" end time: Mar 26 08:27 PDT
"BundleType.UnknownReturnsUnknown" time elapsed: 00:00:00
----------------------------------------------------------

53/140 Testing: BundleType.RoundTrip
53/140 Test: BundleType.RoundTrip
Command: "/home/joel/CLionProjects/appstream/build/tests/appstream_tests" "--gtest_filter=BundleType.RoundTrip" "--gtest_also_run_disabled_tests"
Directory: /home/joel/CLionProjects/appstream/build/tests
"BundleType.RoundTrip" start time: Mar 26 08:27 PDT
Output:
----------------------------------------------------------
Running main() from /builddir/build/BUILD/gtest-1.15.2-build/googletest-1.15.2/googletest/src/gtest_main.cc
Note: Google Test filter = BundleType.RoundTrip
[==========] Running 1 test from 1 test suite.
[----------] Global test environment set-up.
[----------] 1 test from BundleType
[ RUN      ] BundleType.RoundTrip
[       OK ] BundleType.RoundTrip (0 ms)
[----------] 1 test from BundleType (0 ms total)

[----------] Global test environment tear-down
[==========] 1 test from 1 test suite ran. (0 ms total)
[  PASSED  ] 1 test.
<end of output>
Test time =   0.00 sec
----------------------------------------------------------
Test Passed.
"BundleType.RoundTrip" end time: Mar 26 08:27 PDT
"BundleType.RoundTrip" time elapsed: 00:00:00
----------------------------------------------------------

54/140 Testing: IconType.AllKnownTypes
54/140 Test: IconType.AllKnownTypes
Command: "/home/joel/CLionProjects/appstream/build/tests/appstream_tests" "--gtest_filter=IconType.AllKnownTypes" "--gtest_also_run_disabled_tests"
Directory: /home/joel/CLionProjects/appstream/build/tests
"IconType.AllKnownTypes" start time: Mar 26 08:27 PDT
Output:
----------------------------------------------------------
Running main() from /builddir/build/BUILD/gtest-1.15.2-build/googletest-1.15.2/googletest/src/gtest_main.cc
Note: Google Test filter = IconType.AllKnownTypes
[==========] Running 1 test from 1 test suite.
[----------] Global test environment set-up.
[----------] 1 test from IconType
[ RUN      ] IconType.AllKnownTypes
[       OK ] IconType.AllKnownTypes (0 ms)
[----------] 1 test from IconType (0 ms total)

[----------] Global test environment tear-down
[==========] 1 test from 1 test suite ran. (0 ms total)
[  PASSED  ] 1 test.
<end of output>
Test time =   0.00 sec
----------------------------------------------------------
Test Passed.
"IconType.AllKnownTypes" end time: Mar 26 08:27 PDT
"IconType.AllKnownTypes" time elapsed: 00:00:00
----------------------------------------------------------

55/140 Testing: IconType.UnknownReturnsUnknown
55/140 Test: IconType.UnknownReturnsUnknown
Command: "/home/joel/CLionProjects/appstream/build/tests/appstream_tests" "--gtest_filter=IconType.UnknownReturnsUnknown" "--gtest_also_run_disabled_tests"
Directory: /home/joel/CLionProjects/appstream/build/tests
"IconType.UnknownReturnsUnknown" start time: Mar 26 08:27 PDT
Output:
----------------------------------------------------------
Running main() from /builddir/build/BUILD/gtest-1.15.2-build/googletest-1.15.2/googletest/src/gtest_main.cc
Note: Google Test filter = IconType.UnknownReturnsUnknown
[==========] Running 1 test from 1 test suite.
[----------] Global test environment set-up.
[----------] 1 test from IconType
[ RUN      ] IconType.UnknownReturnsUnknown
[       OK ] IconType.UnknownReturnsUnknown (0 ms)
[----------] 1 test from IconType (0 ms total)

[----------] Global test environment tear-down
[==========] 1 test from 1 test suite ran. (0 ms total)
[  PASSED  ] 1 test.
<end of output>
Test time =   0.00 sec
----------------------------------------------------------
Test Passed.
"IconType.UnknownReturnsUnknown" end time: Mar 26 08:27 PDT
"IconType.UnknownReturnsUnknown" time elapsed: 00:00:00
----------------------------------------------------------

56/140 Testing: IconType.RoundTrip
56/140 Test: IconType.RoundTrip
Command: "/home/joel/CLionProjects/appstream/build/tests/appstream_tests" "--gtest_filter=IconType.RoundTrip" "--gtest_also_run_disabled_tests"
Directory: /home/joel/CLionProjects/appstream/build/tests
"IconType.RoundTrip" start time: Mar 26 08:27 PDT
Output:
----------------------------------------------------------
Running main() from /builddir/build/BUILD/gtest-1.15.2-build/googletest-1.15.2/googletest/src/gtest_main.cc
Note: Google Test filter = IconType.RoundTrip
[==========] Running 1 test from 1 test suite.
[----------] Global test environment set-up.
[----------] 1 test from IconType
[ RUN      ] IconType.RoundTrip
[       OK ] IconType.RoundTrip (0 ms)
[----------] 1 test from IconType (0 ms total)

[----------] Global test environment tear-down
[==========] 1 test from 1 test suite ran. (0 ms total)
[  PASSED  ] 1 test.
<end of output>
Test time =   0.00 sec
----------------------------------------------------------
Test Passed.
"IconType.RoundTrip" end time: Mar 26 08:27 PDT
"IconType.RoundTrip" time elapsed: 00:00:00
----------------------------------------------------------

57/140 Testing: UrlType.AllKnownTypes
57/140 Test: UrlType.AllKnownTypes
Command: "/home/joel/CLionProjects/appstream/build/tests/appstream_tests" "--gtest_filter=UrlType.AllKnownTypes" "--gtest_also_run_disabled_tests"
Directory: /home/joel/CLionProjects/appstream/build/tests
"UrlType.AllKnownTypes" start time: Mar 26 08:27 PDT
Output:
----------------------------------------------------------
Running main() from /builddir/build/BUILD/gtest-1.15.2-build/googletest-1.15.2/googletest/src/gtest_main.cc
Note: Google Test filter = UrlType.AllKnownTypes
[==========] Running 1 test from 1 test suite.
[----------] Global test environment set-up.
[----------] 1 test from UrlType
[ RUN      ] UrlType.AllKnownTypes
[       OK ] UrlType.AllKnownTypes (0 ms)
[----------] 1 test from UrlType (0 ms total)

[----------] Global test environment tear-down
[==========] 1 test from 1 test suite ran. (0 ms total)
[  PASSED  ] 1 test.
<end of output>
Test time =   0.00 sec
----------------------------------------------------------
Test Passed.
"UrlType.AllKnownTypes" end time: Mar 26 08:27 PDT
"UrlType.AllKnownTypes" time elapsed: 00:00:00
----------------------------------------------------------

58/140 Testing: UrlType.UnknownReturnsUnknown
58/140 Test: UrlType.UnknownReturnsUnknown
Command: "/home/joel/CLionProjects/appstream/build/tests/appstream_tests" "--gtest_filter=UrlType.UnknownReturnsUnknown" "--gtest_also_run_disabled_tests"
Directory: /home/joel/CLionProjects/appstream/build/tests
"UrlType.UnknownReturnsUnknown" start time: Mar 26 08:27 PDT
Output:
----------------------------------------------------------
Running main() from /builddir/build/BUILD/gtest-1.15.2-build/googletest-1.15.2/googletest/src/gtest_main.cc
Note: Google Test filter = UrlType.UnknownReturnsUnknown
[==========] Running 1 test from 1 test suite.
[----------] Global test environment set-up.
[----------] 1 test from UrlType
[ RUN      ] UrlType.UnknownReturnsUnknown
[       OK ] UrlType.UnknownReturnsUnknown (0 ms)
[----------] 1 test from UrlType (0 ms total)

[----------] Global test environment tear-down
[==========] 1 test from 1 test suite ran. (0 ms total)
[  PASSED  ] 1 test.
<end of output>
Test time =   0.00 sec
----------------------------------------------------------
Test Passed.
"UrlType.UnknownReturnsUnknown" end time: Mar 26 08:27 PDT
"UrlType.UnknownReturnsUnknown" time elapsed: 00:00:00
----------------------------------------------------------

59/140 Testing: UrlType.RoundTrip
59/140 Test: UrlType.RoundTrip
Command: "/home/joel/CLionProjects/appstream/build/tests/appstream_tests" "--gtest_filter=UrlType.RoundTrip" "--gtest_also_run_disabled_tests"
Directory: /home/joel/CLionProjects/appstream/build/tests
"UrlType.RoundTrip" start time: Mar 26 08:27 PDT
Output:
----------------------------------------------------------
Running main() from /builddir/build/BUILD/gtest-1.15.2-build/googletest-1.15.2/googletest/src/gtest_main.cc
Note: Google Test filter = UrlType.RoundTrip
[==========] Running 1 test from 1 test suite.
[----------] Global test environment set-up.
[----------] 1 test from UrlType
[ RUN      ] UrlType.RoundTrip
[       OK ] UrlType.RoundTrip (0 ms)
[----------] 1 test from UrlType (0 ms total)

[----------] Global test environment tear-down
[==========] 1 test from 1 test suite ran. (0 ms total)
[  PASSED  ] 1 test.
<end of output>
Test time =   0.00 sec
----------------------------------------------------------
Test Passed.
"UrlType.RoundTrip" end time: Mar 26 08:27 PDT
"UrlType.RoundTrip" time elapsed: 00:00:00
----------------------------------------------------------

60/140 Testing: LaunchableType.AllKnownTypes
60/140 Test: LaunchableType.AllKnownTypes
Command: "/home/joel/CLionProjects/appstream/build/tests/appstream_tests" "--gtest_filter=LaunchableType.AllKnownTypes" "--gtest_also_run_disabled_tests"
Directory: /home/joel/CLionProjects/appstream/build/tests
"LaunchableType.AllKnownTypes" start time: Mar 26 08:27 PDT
Output:
----------------------------------------------------------
Running main() from /builddir/build/BUILD/gtest-1.15.2-build/googletest-1.15.2/googletest/src/gtest_main.cc
Note: Google Test filter = LaunchableType.AllKnownTypes
[==========] Running 1 test from 1 test suite.
[----------] Global test environment set-up.
[----------] 1 test from LaunchableType
[ RUN      ] LaunchableType.AllKnownTypes
[       OK ] LaunchableType.AllKnownTypes (0 ms)
[----------] 1 test from LaunchableType (0 ms total)

[----------] Global test environment tear-down
[==========] 1 test from 1 test suite ran. (0 ms total)
[  PASSED  ] 1 test.
<end of output>
Test time =   0.00 sec
----------------------------------------------------------
Test Passed.
"LaunchableType.AllKnownTypes" end time: Mar 26 08:27 PDT
"LaunchableType.AllKnownTypes" time elapsed: 00:00:00
----------------------------------------------------------

61/140 Testing: LaunchableType.UnknownReturnsUnknown
61/140 Test: LaunchableType.UnknownReturnsUnknown
Command: "/home/joel/CLionProjects/appstream/build/tests/appstream_tests" "--gtest_filter=LaunchableType.UnknownReturnsUnknown" "--gtest_also_run_disabled_tests"
Directory: /home/joel/CLionProjects/appstream/build/tests
"LaunchableType.UnknownReturnsUnknown" start time: Mar 26 08:27 PDT
Output:
----------------------------------------------------------
Running main() from /builddir/build/BUILD/gtest-1.15.2-build/googletest-1.15.2/googletest/src/gtest_main.cc
Note: Google Test filter = LaunchableType.UnknownReturnsUnknown
[==========] Running 1 test from 1 test suite.
[----------] Global test environment set-up.
[----------] 1 test from LaunchableType
[ RUN      ] LaunchableType.UnknownReturnsUnknown
[       OK ] LaunchableType.UnknownReturnsUnknown (0 ms)
[----------] 1 test from LaunchableType (0 ms total)

[----------] Global test environment tear-down
[==========] 1 test from 1 test suite ran. (0 ms total)
[...]
[----------] 1 test from SqliteWriter (1 ms total)

[----------] Global test environment tear-down
[==========] 1 test from 1 test suite ran. (1 ms total)
[  PASSED  ] 1 test.
<end of output>
Test time =   0.00 sec
----------------------------------------------------------
Test Passed.
"SqliteWriter.BatchSizeLargerThanComponentCount" end time: Mar 26 08:27 PDT
"SqliteWriter.BatchSizeLargerThanComponentCount" time elapsed: 00:00:00
----------------------------------------------------------

128/140 Testing: SqliteWriter.CategoriesStoredInJunctionTable
128/140 Test: SqliteWriter.CategoriesStoredInJunctionTable
Command: "/home/joel/CLionProjects/appstream/build/tests/appstream_tests" "--gtest_filter=SqliteWriter.CategoriesStoredInJunctionTable" "--gtest_also_run_disabled_tests"
Directory: /home/joel/CLionProjects/appstream/build/tests
"SqliteWriter.CategoriesStoredInJunctionTable" start time: Mar 26 08:27 PDT
Output:
----------------------------------------------------------
Running main() from /builddir/build/BUILD/gtest-1.15.2-build/googletest-1.15.2/googletest/src/gtest_main.cc
Note: Google Test filter = SqliteWriter.CategoriesStoredInJunctionTable
[==========] Running 1 test from 1 test suite.
[----------] Global test environment set-up.
[----------] 1 test from SqliteWriter
[ RUN      ] SqliteWriter.CategoriesStoredInJunctionTable
[info] SQLite writer ready (batch 200): /tmp/appstream_testdb_1.db.staging
[info] Database complete: 1 components at /tmp/appstream_testdb_1.db
[       OK ] SqliteWriter.CategoriesStoredInJunctionTable (1 ms)
[----------] 1 test from SqliteWriter (1 ms total)

[----------] Global test environment tear-down
[==========] 1 test from 1 test suite ran. (1 ms total)
[  PASSED  ] 1 test.
<end of output>
Test time =   0.00 sec
----------------------------------------------------------
Test Passed.
"SqliteWriter.CategoriesStoredInJunctionTable" end time: Mar 26 08:27 PDT
"SqliteWriter.CategoriesStoredInJunctionTable" time elapsed: 00:00:00
----------------------------------------------------------

129/140 Testing: SqliteWriter.KeywordsStoredInJunctionTable
129/140 Test: SqliteWriter.KeywordsStoredInJunctionTable
Command: "/home/joel/CLionProjects/appstream/build/tests/appstream_tests" "--gtest_filter=SqliteWriter.KeywordsStoredInJunctionTable" "--gtest_also_run_disabled_tests"
Directory: /home/joel/CLionProjects/appstream/build/tests
"SqliteWriter.KeywordsStoredInJunctionTable" start time: Mar 26 08:27 PDT
Output:
----------------------------------------------------------
Running main() from /builddir/build/BUILD/gtest-1.15.2-build/googletest-1.15.2/googletest/src/gtest_main.cc
Note: Google Test filter = SqliteWriter.KeywordsStoredInJunctionTable
[==========] Running 1 test from 1 test suite.
[----------] Global test environment set-up.
[----------] 1 test from SqliteWriter
[ RUN      ] SqliteWriter.KeywordsStoredInJunctionTable
[info] SQLite writer ready (batch 200): /tmp/appstream_testdb_1.db.staging
[info] Database complete: 1 components at /tmp/appstream_testdb_1.db
[       OK ] SqliteWriter.KeywordsStoredInJunctionTable (1 ms)
[----------] 1 test from SqliteWriter (1 ms total)

[----------] Global test environment tear-down
[==========] 1 test from 1 test suite ran. (1 ms total)
[  PASSED  ] 1 test.
<end of output>
Test time =   0.00 sec
----------------------------------------------------------
Test Passed.
"SqliteWriter.KeywordsStoredInJunctionTable" end time: Mar 26 08:27 PDT
"SqliteWriter.KeywordsStoredInJunctionTable" time elapsed: 00:00:00
----------------------------------------------------------

130/140 Testing: SqliteWriter.SharedCategoryInternedOnce
130/140 Test: SqliteWriter.SharedCategoryInternedOnce
Command: "/home/joel/CLionProjects/appstream/build/tests/appstream_tests" "--gtest_filter=SqliteWriter.SharedCategoryInternedOnce" "--gtest_also_run_disabled_tests"
Directory: /home/joel/CLionProjects/appstream/build/tests
"SqliteWriter.SharedCategoryInternedOnce" start time: Mar 26 08:27 PDT
Output:
----------------------------------------------------------
Running main() from /builddir/build/BUILD/gtest-1.15.2-build/googletest-1.15.2/googletest/src/gtest_main.cc
Note: Google Test filter = SqliteWriter.SharedCategoryInternedOnce
[==========] Running 1 test from 1 test suite.
[----------] Global test environment set-up.
[----------] 1 test from SqliteWriter
[ RUN      ] SqliteWriter.SharedCategoryInternedOnce
[info] SQLite writer ready (batch 200): /tmp/appstream_testdb_1.db.staging
[info] Database complete: 2 components at /tmp/appstream_testdb_1.db
[       OK ] SqliteWriter.SharedCategoryInternedOnce (1 ms)
[----------] 1 test from SqliteWriter (1 ms total)

[----------] Global test environment tear-down
[==========] 1 test from 1 test suite ran. (1 ms total)
[  PASSED  ] 1 test.
<end of output>
Test time =   0.00 sec
----------------------------------------------------------
Test Passed.
"SqliteWriter.SharedCategoryInternedOnce" end time: Mar 26 08:27 PDT
"SqliteWriter.SharedCategoryInternedOnce" time elapsed: 00:00:00
----------------------------------------------------------

131/140 Testing: SqliteWriter.ReleaseStoredCorrectly
131/140 Test: SqliteWriter.ReleaseStoredCorrectly
Command: "/home/joel/CLionProjects/appstream/build/tests/appstream_tests" "--gtest_filter=SqliteWriter.ReleaseStoredCorrectly" "--gtest_also_run_disabled_tests"
Directory: /home/joel/CLionProjects/appstream/build/tests
"SqliteWriter.ReleaseStoredCorrectly" start time: Mar 26 08:27 PDT
Output:
----------------------------------------------------------
Running main() from /builddir/build/BUILD/gtest-1.15.2-build/googletest-1.15.2/googletest/src/gtest_main.cc
Note: Google Test filter = SqliteWriter.ReleaseStoredCorrectly
[==========] Running 1 test from 1 test suite.
[----------] Global test environment set-up.
[----------] 1 test from SqliteWriter
[ RUN      ] SqliteWriter.ReleaseStoredCorrectly
[info] SQLite writer ready (batch 200): /tmp/appstream_testdb_1.db.staging
[info] Database complete: 1 components at /tmp/appstream_testdb_1.db
[       OK ] SqliteWriter.ReleaseStoredCorrectly (1 ms)
[----------] 1 test from SqliteWriter (1 ms total)

[----------] Global test environment tear-down
[==========] 1 test from 1 test suite ran. (1 ms total)
[  PASSED  ] 1 test.
<end of output>
Test time =   0.00 sec
----------------------------------------------------------
Test Passed.
"SqliteWriter.ReleaseStoredCorrectly" end time: Mar 26 08:27 PDT
"SqliteWriter.ReleaseStoredCorrectly" time elapsed: 00:00:00
----------------------------------------------------------

132/140 Testing: SqliteWriter.IconsStoredInIconTable
132/140 Test: SqliteWriter.IconsStoredInIconTable
Command: "/home/joel/CLionProjects/appstream/build/tests/appstream_tests" "--gtest_filter=SqliteWriter.IconsStoredInIconTable" "--gtest_also_run_disabled_tests"
Directory: /home/joel/CLionProjects/appstream/build/tests
"SqliteWriter.IconsStoredInIconTable" start time: Mar 26 08:27 PDT
Output:
----------------------------------------------------------
Running main() from /builddir/build/BUILD/gtest-1.15.2-build/googletest-1.15.2/googletest/src/gtest_main.cc
Note: Google Test filter = SqliteWriter.IconsStoredInIconTable
[==========] Running 1 test from 1 test suite.
[----------] Global test environment set-up.
[----------] 1 test from SqliteWriter
[ RUN      ] SqliteWriter.IconsStoredInIconTable
[info] SQLite writer ready (batch 200): /tmp/appstream_testdb_1.db.staging
[info] Database complete: 1 components at /tmp/appstream_testdb_1.db
[       OK ] SqliteWriter.IconsStoredInIconTable (1 ms)
[----------] 1 test from SqliteWriter (1 ms total)

[----------] Global test environment tear-down
[==========] 1 test from 1 test suite ran. (1 ms total)
[  PASSED  ] 1 test.
<end of output>
Test time =   0.00 sec
----------------------------------------------------------
Test Passed.
"SqliteWriter.IconsStoredInIconTable" end time: Mar 26 08:27 PDT
"SqliteWriter.IconsStoredInIconTable" time elapsed: 00:00:00
----------------------------------------------------------

133/140 Testing: SqliteWriter.UrlsStoredInUrlTable
133/140 Test: SqliteWriter.UrlsStoredInUrlTable
Command: "/home/joel/CLionProjects/appstream/build/tests/appstream_tests" "--gtest_filter=SqliteWriter.UrlsStoredInUrlTable" "--gtest_also_run_disabled_tests"
Directory: /home/joel/CLionProjects/appstream/build/tests
"SqliteWriter.UrlsStoredInUrlTable" start time: Mar 26 08:27 PDT
Output:
----------------------------------------------------------
Running main() from /builddir/build/BUILD/gtest-1.15.2-build/googletest-1.15.2/googletest/src/gtest_main.cc
Note: Google Test filter = SqliteWriter.UrlsStoredInUrlTable
[==========] Running 1 test from 1 test suite.
[----------] Global test environment set-up.
[----------] 1 test from SqliteWriter
[ RUN      ] SqliteWriter.UrlsStoredInUrlTable
[info] SQLite writer ready (batch 200): /tmp/appstream_testdb_1.db.staging
[info] Database complete: 1 components at /tmp/appstream_testdb_1.db
[       OK ] SqliteWriter.UrlsStoredInUrlTable (1 ms)
[----------] 1 test from SqliteWriter (1 ms total)

[----------] Global test environment tear-down
[==========] 1 test from 1 test suite ran. (1 ms total)
[  PASSED  ] 1 test.
<end of output>
Test time =   0.00 sec
----------------------------------------------------------
Test Passed.
"SqliteWriter.UrlsStoredInUrlTable" end time: Mar 26 08:27 PDT
"SqliteWriter.UrlsStoredInUrlTable" time elapsed: 00:00:00
----------------------------------------------------------

134/140 Testing: SqliteWriter.ScreenshotAndImagesStored
134/140 Test: SqliteWriter.ScreenshotAndImagesStored
Command: "/home/joel/CLionProjects/appstream/build/tests/appstream_tests" "--gtest_filter=SqliteWriter.ScreenshotAndImagesStored" "--gtest_also_run_disabled_tests"
Directory: /home/joel/CLionProjects/appstream/build/tests
"SqliteWriter.ScreenshotAndImagesStored" start time: Mar 26 08:27 PDT
Output:
----------------------------------------------------------
Running main() from /builddir/build/BUILD/gtest-1.15.2-build/googletest-1.15.2/googletest/src/gtest_main.cc
Note: Google Test filter = SqliteWriter.ScreenshotAndImagesStored
[==========] Running 1 test from 1 test suite.
[----------] Global test environment set-up.
[----------] 1 test from SqliteWriter
[ RUN      ] SqliteWriter.ScreenshotAndImagesStored
[info] SQLite writer ready (batch 200): /tmp/appstream_testdb_1.db.staging
[info] Database complete: 1 components at /tmp/appstream_testdb_1.db
[       OK ] SqliteWriter.ScreenshotAndImagesStored (1 ms)
[----------] 1 test from SqliteWriter (1 ms total)

[----------] Global test environment tear-down
[==========] 1 test from 1 test suite ran. (1 ms total)
[  PASSED  ] 1 test.
<end of output>
Test time =   0.00 sec
----------------------------------------------------------
Test Passed.
"SqliteWriter.ScreenshotAndImagesStored" end time: Mar 26 08:27 PDT
"SqliteWriter.ScreenshotAndImagesStored" time elapsed: 00:00:00
----------------------------------------------------------

135/140 Testing: SqliteWriter.AllRequiredTablesPresent
135/140 Test: SqliteWriter.AllRequiredTablesPresent
Command: "/home/joel/CLionProjects/appstream/build/tests/appstream_tests" "--gtest_filter=SqliteWriter.AllRequiredTablesPresent" "--gtest_also_run_disabled_tests"
Directory: /home/joel/CLionProjects/appstream/build/tests
"SqliteWriter.AllRequiredTablesPresent" start time: Mar 26 08:27 PDT
Output:
----------------------------------------------------------
Running main() from /builddir/build/BUILD/gtest-1.15.2-build/googletest-1.15.2/googletest/src/gtest_main.cc
Note: Google Test filter = SqliteWriter.AllRequiredTablesPresent
[==========] Running 1 test from 1 test suite.
[----------] Global test environment set-up.
[----------] 1 test from SqliteWriter
[ RUN      ] SqliteWriter.AllRequiredTablesPresent
[info] SQLite writer ready (batch 200): /tmp/appstream_testdb_1.db.staging
[info] Database complete: 0 components at /tmp/appstream_testdb_1.db
[       OK ] SqliteWriter.AllRequiredTablesPresent (4 ms)
[----------] 1 test from SqliteWriter (4 ms total)

[----------] Global test environment tear-down
[==========] 1 test from 1 test suite ran. (4 ms total)
[  PASSED  ] 1 test.
<end of output>
Test time =   0.01 sec
----------------------------------------------------------
Test Passed.
"SqliteWriter.AllRequiredTablesPresent" end time: Mar 26 08:27 PDT
"SqliteWriter.AllRequiredTablesPresent" time elapsed: 00:00:00
----------------------------------------------------------

136/140 Testing: SqliteWriter.FtsTablePopulatedAfterEnd
136/140 Test: SqliteWriter.FtsTablePopulatedAfterEnd
Command: "/home/joel/CLionProjects/appstream/build/tests/appstream_tests" "--gtest_filter=SqliteWriter.FtsTablePopulatedAfterEnd" "--gtest_also_run_disabled_tests"
Directory: /home/joel/CLionProjects/appstream/build/tests
"SqliteWriter.FtsTablePopulatedAfterEnd" start time: Mar 26 08:27 PDT
Output:
----------------------------------------------------------
Running main() from /builddir/build/BUILD/gtest-1.15.2-build/googletest-1.15.2/googletest/src/gtest_main.cc
Note: Google Test filter = SqliteWriter.FtsTablePopulatedAfterEnd
[==========] Running 1 test from 1 test suite.
[----------] Global test environment set-up.
[----------] 1 test from SqliteWriter
[ RUN      ] SqliteWriter.FtsTablePopulatedAfterEnd
[info] SQLite writer ready (batch 200): /tmp/appstream_testdb_1.db.staging
[info] Database complete: 1 components at /tmp/appstream_testdb_1.db
[       OK ] SqliteWriter.FtsTablePopulatedAfterEnd (1 ms)
[----------] 1 test from SqliteWriter (1 ms total)

[----------] Global test environment tear-down
[==========] 1 test from 1 test suite ran. (1 ms total)
[  PASSED  ] 1 test.
<end of output>
Test time =   0.00 sec
----------------------------------------------------------
Test Passed.
"SqliteWriter.FtsTablePopulatedAfterEnd" end time: Mar 26 08:27 PDT
"SqliteWriter.FtsTablePopulatedAfterEnd" time elapsed: 00:00:00
----------------------------------------------------------

137/140 Testing: SqliteWriter.ProvidesStoredCorrectly
137/140 Test: SqliteWriter.ProvidesStoredCorrectly
Command: "/home/joel/CLionProjects/appstream/build/tests/appstream_tests" "--gtest_filter=SqliteWriter.ProvidesStoredCorrectly" "--gtest_also_run_disabled_tests"
Directory: /home/joel/CLionProjects/appstream/build/tests
"SqliteWriter.ProvidesStoredCorrectly" start time: Mar 26 08:27 PDT
Output:
----------------------------------------------------------
Running main() from /builddir/build/BUILD/gtest-1.15.2-build/googletest-1.15.2/googletest/src/gtest_main.cc
Note: Google Test filter = SqliteWriter.ProvidesStoredCorrectly
[==========] Running 1 test from 1 test suite.
[----------] Global test environment set-up.
[----------] 1 test from SqliteWriter
[ RUN      ] SqliteWriter.ProvidesStoredCorrectly
[info] SQLite writer ready (batch 200): /tmp/appstream_testdb_1.db.staging
[info] Database complete: 1 components at /tmp/appstream_testdb_1.db
[       OK ] SqliteWriter.ProvidesStoredCorrectly (1 ms)
[----------] 1 test from SqliteWriter (1 ms total)

[----------] Global test environment tear-down
[==========] 1 test from 1 test suite ran. (1 ms total)
[  PASSED  ] 1 test.
<end of output>
Test time =   0.00 sec
----------------------------------------------------------
Test Passed.
"SqliteWriter.ProvidesStoredCorrectly" end time: Mar 26 08:27 PDT
"SqliteWriter.ProvidesStoredCorrectly" time elapsed: 00:00:00
----------------------------------------------------------

138/140 Testing: SqliteWriter.BrandingColorsStored
138/140 Test: SqliteWriter.BrandingColorsStored
Command: "/home/joel/CLionProjects/appstream/build/tests/appstream_tests" "--gtest_filter=SqliteWriter.BrandingColorsStored" "--gtest_also_run_disabled_tests"
Directory: /home/joel/CLionProjects/appstream/build/tests
"SqliteWriter.BrandingColorsStored" start time: Mar 26 08:27 PDT
Output:
----------------------------------------------------------
Running main() from /builddir/build/BUILD/gtest-1.15.2-build/googletest-1.15.2/googletest/src/gtest_main.cc
Note: Google Test filter = SqliteWriter.BrandingColorsStored
[==========] Running 1 test from 1 test suite.
[----------] Global test environment set-up.
[----------] 1 test from SqliteWriter
[ RUN      ] SqliteWriter.BrandingColorsStored
[info] SQLite writer ready (batch 200): /tmp/appstream_testdb_1.db.staging
[info] Database complete: 1 components at /tmp/appstream_testdb_1.db
[       OK ] SqliteWriter.BrandingColorsStored (1 ms)
[----------] 1 test from SqliteWriter (1 ms total)

[----------] Global test environment tear-down
[==========] 1 test from 1 test suite ran. (1 ms total)
[  PASSED  ] 1 test.
<end of output>
Test time =   0.00 sec
----------------------------------------------------------
Test Passed.
"SqliteWriter.BrandingColorsStored" end time: Mar 26 08:27 PDT
"SqliteWriter.BrandingColorsStored" time elapsed: 00:00:00
----------------------------------------------------------

139/140 Testing: SqliteWriter.RelationsStoredCorrectly
139/140 Test: SqliteWriter.RelationsStoredCorrectly
Command: "/home/joel/CLionProjects/appstream/build/tests/appstream_tests" "--gtest_filter=SqliteWriter.RelationsStoredCorrectly" "--gtest_also_run_disabled_tests"
Directory: /home/joel/CLionProjects/appstream/build/tests
"SqliteWriter.RelationsStoredCorrectly" start time: Mar 26 08:27 PDT
Output:
----------------------------------------------------------
Running main() from /builddir/build/BUILD/gtest-1.15.2-build/googletest-1.15.2/googletest/src/gtest_main.cc
Note: Google Test filter = SqliteWriter.RelationsStoredCorrectly
[==========] Running 1 test from 1 test suite.
[----------] Global test environment set-up.
[----------] 1 test from SqliteWriter
[ RUN      ] SqliteWriter.RelationsStoredCorrectly
[info] SQLite writer ready (batch 200): /tmp/appstream_testdb_1.db.staging
[info] Database complete: 1 components at /tmp/appstream_testdb_1.db
[       OK ] SqliteWriter.RelationsStoredCorrectly (1 ms)
[----------] 1 test from SqliteWriter (1 ms total)

[----------] Global test environment tear-down
[==========] 1 test from 1 test suite ran. (1 ms total)
[  PASSED  ] 1 test.
<end of output>
Test time =   0.00 sec
----------------------------------------------------------
Test Passed.
"SqliteWriter.RelationsStoredCorrectly" end time: Mar 26 08:27 PDT
"SqliteWriter.RelationsStoredCorrectly" time elapsed: 00:00:00
----------------------------------------------------------

140/140 Testing: SqliteWriter.CustomKeyValueStored
140/140 Test: SqliteWriter.CustomKeyValueStored
Command: "/home/joel/CLionProjects/appstream/build/tests/appstream_tests" "--gtest_filter=SqliteWriter.CustomKeyValueStored" "--gtest_also_run_disabled_tests"
Directory: /home/joel/CLionProjects/appstream/build/tests
"SqliteWriter.CustomKeyValueStored" start time: Mar 26 08:27 PDT
Output:
----------------------------------------------------------
Running main() from /builddir/build/BUILD/gtest-1.15.2-build/googletest-1.15.2/googletest/src/gtest_main.cc
Note: Google Test filter = SqliteWriter.CustomKeyValueStored
[==========] Running 1 test from 1 test suite.
[----------] Global test environment set-up.
[----------] 1 test from SqliteWriter
[ RUN      ] SqliteWriter.CustomKeyValueStored
[info] SQLite writer ready (batch 200): /tmp/appstream_testdb_1.db.staging
[info] Database complete: 1 components at /tmp/appstream_testdb_1.db
[       OK ] SqliteWriter.CustomKeyValueStored (1 ms)
[----------] 1 test from SqliteWriter (1 ms total)

[----------] Global test environment tear-down
[==========] 1 test from 1 test suite ran. (1 ms total)
[  PASSED  ] 1 test.
<end of output>
Test time =   0.00 sec
----------------------------------------------------------
Test Passed.
"SqliteWriter.CustomKeyValueStored" end time: Mar 26 08:27 PDT
"SqliteWriter.CustomKeyValueStored" time elapsed: 00:00:00
----------------------------------------------------------

End testing: Mar 26 08:27 PDT
